Compiling 1 file (.ex)
[profile] lib/foo_0.ex compiled in 7ms
[profile] Finished compilation cycle of 1 modules in 10ms
[profile] Finished group pass check of 1 modules in 0ms
Compiling 1 file (.ex)
[profile] lib/foo_10.ex compiled in 14ms
[profile] Finished compilation cycle of 1 modules in 19ms
[profile] Finished group pass check of 1 modules in 1ms
Compiling 1 file (.ex)
[profile] lib/foo_20.ex compiled in 9ms
[profile] Finished compilation cycle of 1 modules in 12ms
[profile] Finished group pass check of 1 modules in 0ms
Compiling 1 file (.ex)
[profile] lib/foo_30.ex compiled in 9ms
[profile] Finished compilation cycle of 1 modules in 13ms
[profile] Finished group pass check of 1 modules in 0ms
Compiling 1 file (.ex)
[profile] lib/foo_40.ex compiled in 12ms
[profile] Finished compilation cycle of 1 modules in 15ms
[profile] Finished group pass check of 1 modules in 0ms
Compiling 1 file (.ex)
[profile] lib/foo_50.ex compiled in 12ms
[profile] Finished compilation cycle of 1 modules in 15ms
[profile] Finished group pass check of 1 modules in 0ms
Compiling 1 file (.ex)
[profile] lib/foo_60.ex compiled in 13ms
[profile] Finished compilation cycle of 1 modules in 16ms
[profile] Finished group pass check of 1 modules in 0ms
Compiling 1 file (.ex)
[profile] lib/foo_70.ex compiled in 14ms
[profile] Finished compilation cycle of 1 modules in 17ms
[profile] Finished group pass check of 1 modules in 0ms
Compiling 1 file (.ex)
[profile] lib/foo_80.ex compiled in 15ms
[profile] Finished compilation cycle of 1 modules in 18ms
[profile] Finished group pass check of 1 modules in 0ms
Compiling 1 file (.ex)
[profile] lib/foo_90.ex compiled in 17ms
[profile] Finished compilation cycle of 1 modules in 20ms
[profile] Finished group pass check of 1 modules in 1ms
Compiling 1 file (.ex)
[profile] lib/foo_100.ex compiled in 17ms
[profile] Finished compilation cycle of 1 modules in 20ms
[profile] Finished group pass check of 1 modules in 2ms
Compiling 1 file (.ex)
[profile] lib/foo_110.ex compiled in 18ms
[profile] Finished compilation cycle of 1 modules in 21ms
[profile] Finished group pass check of 1 modules in 1ms
Compiling 1 file (.ex)
[profile] lib/foo_120.ex compiled in 19ms
[profile] Finished compilation cycle of 1 modules in 22ms
[profile] Finished group pass check of 1 modules in 0ms
Compiling 1 file (.ex)
[profile] lib/foo_130.ex compiled in 20ms
[profile] Finished compilation cycle of 1 modules in 23ms
[profile] Finished group pass check of 1 modules in 1ms
Compiling 1 file (.ex)
[profile] lib/foo_140.ex compiled in 22ms
[profile] Finished compilation cycle of 1 modules in 26ms
[profile] Finished group pass check of 1 modules in 1ms
Compiling 1 file (.ex)
[profile] lib/foo_150.ex compiled in 25ms
[profile] Finished compilation cycle of 1 modules in 28ms
[profile] Finished group pass check of 1 modules in 1ms
Compiling 1 file (.ex)
[profile] lib/foo_160.ex compiled in 48ms
[profile] Finished compilation cycle of 1 modules in 55ms
[profile] Finished group pass check of 1 modules in 1ms
Compiling 1 file (.ex)
[profile] lib/foo_170.ex compiled in 29ms
[profile] Finished compilation cycle of 1 modules in 32ms
[profile] Finished group pass check of 1 modules in 0ms
Compiling 1 file (.ex)
[profile] lib/foo_180.ex compiled in 38ms
[profile] Finished compilation cycle of 1 modules in 41ms
[profile] Finished group pass check of 1 modules in 1ms
Compiling 1 file (.ex)
[profile] lib/foo_190.ex compiled in 34ms
[profile] Finished compilation cycle of 1 modules in 37ms
[profile] Finished group pass check of 1 modules in 1ms
Compiling 1 file (.ex)
[profile] lib/foo_200.ex compiled in 29ms
[profile] Finished compilation cycle of 1 modules in 32ms
[profile] Finished group pass check of 1 modules in 1ms
Compiling 1 file (.ex)
[profile] lib/foo_210.ex compiled in 29ms
[profile] Finished compilation cycle of 1 modules in 32ms
[profile] Finished group pass check of 1 modules in 1ms
Compiling 1 file (.ex)
[profile] lib/foo_220.ex compiled in 32ms
[profile] Finished compilation cycle of 1 modules in 36ms
[profile] Finished group pass check of 1 modules in 1ms
Compiling 1 file (.ex)
[profile] lib/foo_230.ex compiled in 33ms
[profile] Finished compilation cycle of 1 modules in 37ms
[profile] Finished group pass check of 1 modules in 1ms
Compiling 1 file (.ex)
[profile] lib/foo_240.ex compiled in 33ms
[profile] Finished compilation cycle of 1 modules in 36ms
[profile] Finished group pass check of 1 modules in 1ms
Compiling 1 file (.ex)
[profile] lib/foo_250.ex compiled in 34ms
[profile] Finished compilation cycle of 1 modules in 37ms
[profile] Finished group pass check of 1 modules in 1ms
Compiling 1 file (.ex)
[profile] lib/foo_260.ex compiled in 37ms
[profile] Finished compilation cycle of 1 modules in 41ms
[profile] Finished group pass check of 1 modules in 1ms
Compiling 1 file (.ex)
[profile] lib/foo_270.ex compiled in 38ms
[profile] Finished compilation cycle of 1 modules in 41ms
[profile] Finished group pass check of 1 modules in 2ms
Compiling 1 file (.ex)
[profile] lib/foo_280.ex compiled in 41ms
[profile] Finished compilation cycle of 1 modules in 44ms
[profile] Finished group pass check of 1 modules in 1ms
Compiling 1 file (.ex)
[profile] lib/foo_290.ex compiled in 41ms
[profile] Finished compilation cycle of 1 modules in 44ms
[profile] Finished group pass check of 1 modules in 1ms
Compiling 1 file (.ex)
[profile] lib/foo_300.ex compiled in 43ms
[profile] Finished compilation cycle of 1 modules in 47ms
[profile] Finished group pass check of 1 modules in 1ms
Compiling 1 file (.ex)
[profile] lib/foo_310.ex compiled in 49ms
[profile] Finished compilation cycle of 1 modules in 52ms
[profile] Finished group pass check of 1 modules in 1ms
Compiling 1 file (.ex)
[profile] lib/foo_320.ex compiled in 47ms
[profile] Finished compilation cycle of 1 modules in 50ms
[profile] Finished group pass check of 1 modules in 1ms
Compiling 1 file (.ex)
[profile] lib/foo_330.ex compiled in 46ms
[profile] Finished compilation cycle of 1 modules in 49ms
[profile] Finished group pass check of 1 modules in 1ms
Compiling 1 file (.ex)
[profile] lib/foo_340.ex compiled in 51ms
[profile] Finished compilation cycle of 1 modules in 54ms
[profile] Finished group pass check of 1 modules in 1ms
Compiling 1 file (.ex)
[profile] lib/foo_350.ex compiled in 47ms
[profile] Finished compilation cycle of 1 modules in 50ms
[profile] Finished group pass check of 1 modules in 2ms
Compiling 1 file (.ex)
[profile] lib/foo_360.ex compiled in 54ms
[profile] Finished compilation cycle of 1 modules in 57ms
[profile] Finished group pass check of 1 modules in 1ms
Compiling 1 file (.ex)
[profile] lib/foo_370.ex compiled in 51ms
[profile] Finished compilation cycle of 1 modules in 54ms
[profile] Finished group pass check of 1 modules in 1ms
Compiling 1 file (.ex)
[profile] lib/foo_380.ex compiled in 51ms
[profile] Finished compilation cycle of 1 modules in 55ms
[profile] Finished group pass check of 1 modules in 1ms
Compiling 1 file (.ex)
[profile] lib/foo_390.ex compiled in 51ms
[profile] Finished compilation cycle of 1 modules in 55ms
[profile] Finished group pass check of 1 modules in 2ms
Compiling 1 file (.ex)
[profile] lib/foo_400.ex compiled in 52ms
[profile] Finished compilation cycle of 1 modules in 56ms
[profile] Finished group pass check of 1 modules in 1ms
Compiling 1 file (.ex)
[profile] lib/foo_410.ex compiled in 57ms
[profile] Finished compilation cycle of 1 modules in 60ms
[profile] Finished group pass check of 1 modules in 1ms
Compiling 1 file (.ex)
[profile] lib/foo_420.ex compiled in 55ms
[profile] Finished compilation cycle of 1 modules in 58ms
[profile] Finished group pass check of 1 modules in 2ms
Compiling 1 file (.ex)
[profile] lib/foo_430.ex compiled in 59ms
[profile] Finished compilation cycle of 1 modules in 63ms
[profile] Finished group pass check of 1 modules in 1ms
Compiling 1 file (.ex)
[profile] lib/foo_440.ex compiled in 57ms
[profile] Finished compilation cycle of 1 modules in 61ms
[profile] Finished group pass check of 1 modules in 1ms
Compiling 1 file (.ex)
[profile] lib/foo_450.ex compiled in 64ms
[profile] Finished compilation cycle of 1 modules in 68ms
[profile] Finished group pass check of 1 modules in 1ms
Compiling 1 file (.ex)
[profile] lib/foo_460.ex compiled in 64ms
[profile] Finished compilation cycle of 1 modules in 67ms
[profile] Finished group pass check of 1 modules in 1ms
Compiling 1 file (.ex)
[profile] lib/foo_470.ex compiled in 75ms
[profile] Finished compilation cycle of 1 modules in 79ms
[profile] Finished group pass check of 1 modules in 1ms
Compiling 1 file (.ex)
[profile] lib/foo_480.ex compiled in 66ms
[profile] Finished compilation cycle of 1 modules in 70ms
[profile] Finished group pass check of 1 modules in 2ms
Compiling 1 file (.ex)
[profile] lib/foo_490.ex compiled in 67ms
[profile] Finished compilation cycle of 1 modules in 70ms
[profile] Finished group pass check of 1 modules in 1ms
Compiling 1 file (.ex)
[profile] lib/foo_500.ex compiled in 66ms
[profile] Finished compilation cycle of 1 modules in 69ms
[profile] Finished group pass check of 1 modules in 1ms
Compiling 1 file (.ex)
[profile] lib/foo_510.ex compiled in 65ms
[profile] Finished compilation cycle of 1 modules in 69ms
[profile] Finished group pass check of 1 modules in 1ms
Compiling 1 file (.ex)
[profile] lib/foo_520.ex compiled in 65ms
[profile] Finished compilation cycle of 1 modules in 69ms
[profile] Finished group pass check of 1 modules in 2ms
Compiling 1 file (.ex)
[profile] lib/foo_530.ex compiled in 69ms
[profile] Finished compilation cycle of 1 modules in 73ms
[profile] Finished group pass check of 1 modules in 2ms
Compiling 1 file (.ex)
[profile] lib/foo_540.ex compiled in 72ms
[profile] Finished compilation cycle of 1 modules in 76ms
[profile] Finished group pass check of 1 modules in 2ms
Compiling 1 file (.ex)
[profile] lib/foo_550.ex compiled in 73ms
[profile] Finished compilation cycle of 1 modules in 77ms
[profile] Finished group pass check of 1 modules in 1ms
Compiling 1 file (.ex)
[profile] lib/foo_560.ex compiled in 100ms
[profile] Finished compilation cycle of 1 modules in 106ms
[profile] Finished group pass check of 1 modules in 2ms
Compiling 1 file (.ex)
[profile] lib/foo_570.ex compiled in 73ms
[profile] Finished compilation cycle of 1 modules in 77ms
[profile] Finished group pass check of 1 modules in 1ms
Compiling 1 file (.ex)
[profile] lib/foo_580.ex compiled in 86ms
[profile] Finished compilation cycle of 1 modules in 89ms
[profile] Finished group pass check of 1 modules in 2ms
Compiling 1 file (.ex)
[profile] lib/foo_590.ex compiled in 88ms
[profile] Finished compilation cycle of 1 modules in 92ms
[profile] Finished group pass check of 1 modules in 2ms
Compiling 1 file (.ex)
[profile] lib/foo_600.ex compiled in 109ms
[profile] Finished compilation cycle of 1 modules in 113ms
[profile] Finished group pass check of 1 modules in 2ms
Compiling 1 file (.ex)
[profile] lib/foo_610.ex compiled in 86ms
[profile] Finished compilation cycle of 1 modules in 91ms
[profile] Finished group pass check of 1 modules in 4ms
Compiling 1 file (.ex)
[profile] lib/foo_620.ex compiled in 86ms
[profile] Finished compilation cycle of 1 modules in 89ms
[profile] Finished group pass check of 1 modules in 2ms
Compiling 1 file (.ex)
[profile] lib/foo_630.ex compiled in 88ms
[profile] Finished compilation cycle of 1 modules in 92ms
[profile] Finished group pass check of 1 modules in 2ms
Compiling 1 file (.ex)
[profile] lib/foo_640.ex compiled in 88ms
[profile] Finished compilation cycle of 1 modules in 91ms
[profile] Finished group pass check of 1 modules in 2ms
Compiling 1 file (.ex)
[profile] lib/foo_650.ex compiled in 90ms
[profile] Finished compilation cycle of 1 modules in 93ms
[profile] Finished group pass check of 1 modules in 2ms
Compiling 1 file (.ex)
[profile] lib/foo_660.ex compiled in 90ms
[profile] Finished compilation cycle of 1 modules in 93ms
[profile] Finished group pass check of 1 modules in 2ms
Compiling 1 file (.ex)
[profile] lib/foo_670.ex compiled in 90ms
[profile] Finished compilation cycle of 1 modules in 94ms
[profile] Finished group pass check of 1 modules in 2ms
Compiling 1 file (.ex)
[profile] lib/foo_680.ex compiled in 89ms
[profile] Finished compilation cycle of 1 modules in 92ms
[profile] Finished group pass check of 1 modules in 2ms
Compiling 1 file (.ex)
[profile] lib/foo_690.ex compiled in 93ms
[profile] Finished compilation cycle of 1 modules in 96ms
[profile] Finished group pass check of 1 modules in 2ms
Compiling 1 file (.ex)
[profile] lib/foo_700.ex compiled in 92ms
[profile] Finished compilation cycle of 1 modules in 95ms
[profile] Finished group pass check of 1 modules in 2ms
Compiling 1 file (.ex)
[profile] lib/foo_710.ex compiled in 101ms
[profile] Finished compilation cycle of 1 modules in 104ms
[profile] Finished group pass check of 1 modules in 2ms
Compiling 1 file (.ex)
[profile] lib/foo_720.ex compiled in 97ms
[profile] Finished compilation cycle of 1 modules in 100ms
[profile] Finished group pass check of 1 modules in 2ms
Compiling 1 file (.ex)
[profile] lib/foo_730.ex compiled in 103ms
[profile] Finished compilation cycle of 1 modules in 106ms
[profile] Finished group pass check of 1 modules in 2ms
Compiling 1 file (.ex)
[profile] lib/foo_740.ex compiled in 98ms
[profile] Finished compilation cycle of 1 modules in 102ms
[profile] Finished group pass check of 1 modules in 2ms
Compiling 1 file (.ex)
[profile] lib/foo_750.ex compiled in 106ms
[profile] Finished compilation cycle of 1 modules in 110ms
[profile] Finished group pass check of 1 modules in 2ms
Compiling 1 file (.ex)
[profile] lib/foo_760.ex compiled in 104ms
[profile] Finished compilation cycle of 1 modules in 107ms
[profile] Finished group pass check of 1 modules in 2ms
Compiling 1 file (.ex)
[profile] lib/foo_770.ex compiled in 109ms
[profile] Finished compilation cycle of 1 modules in 112ms
[profile] Finished group pass check of 1 modules in 2ms
Compiling 1 file (.ex)
[profile] lib/foo_780.ex compiled in 109ms
[profile] Finished compilation cycle of 1 modules in 112ms
[profile] Finished group pass check of 1 modules in 2ms
Compiling 1 file (.ex)
[profile] lib/foo_790.ex compiled in 106ms
[profile] Finished compilation cycle of 1 modules in 109ms
[profile] Finished group pass check of 1 modules in 2ms
Compiling 1 file (.ex)
[profile] lib/foo_800.ex compiled in 111ms
[profile] Finished compilation cycle of 1 modules in 115ms
[profile] Finished group pass check of 1 modules in 2ms
Compiling 1 file (.ex)
[profile] lib/foo_810.ex compiled in 111ms
[profile] Finished compilation cycle of 1 modules in 114ms
[profile] Finished group pass check of 1 modules in 2ms
Compiling 1 file (.ex)
[profile] lib/foo_820.ex compiled in 112ms
[profile] Finished compilation cycle of 1 modules in 115ms
[profile] Finished group pass check of 1 modules in 2ms
Compiling 1 file (.ex)
[profile] lib/foo_830.ex compiled in 119ms
[profile] Finished compilation cycle of 1 modules in 122ms
[profile] Finished group pass check of 1 modules in 2ms
Compiling 1 file (.ex)
[profile] lib/foo_840.ex compiled in 127ms
[profile] Finished compilation cycle of 1 modules in 131ms
[profile] Finished group pass check of 1 modules in 3ms
Compiling 1 file (.ex)
[profile] lib/foo_850.ex compiled in 115ms
[profile] Finished compilation cycle of 1 modules in 118ms
[profile] Finished group pass check of 1 modules in 2ms
Compiling 1 file (.ex)
[profile] lib/foo_860.ex compiled in 124ms
[profile] Finished compilation cycle of 1 modules in 127ms
[profile] Finished group pass check of 1 modules in 3ms
Compiling 1 file (.ex)
[profile] lib/foo_870.ex compiled in 124ms
[profile] Finished compilation cycle of 1 modules in 127ms
[profile] Finished group pass check of 1 modules in 3ms
Compiling 1 file (.ex)
[profile] lib/foo_880.ex compiled in 171ms
[profile] Finished compilation cycle of 1 modules in 175ms
[profile] Finished group pass check of 1 modules in 3ms
Compiling 1 file (.ex)
[profile] lib/foo_890.ex compiled in 124ms
[profile] Finished compilation cycle of 1 modules in 127ms
[profile] Finished group pass check of 1 modules in 2ms
Compiling 1 file (.ex)
[profile] lib/foo_900.ex compiled in 128ms
[profile] Finished compilation cycle of 1 modules in 132ms
[profile] Finished group pass check of 1 modules in 2ms
Compiling 1 file (.ex)
[profile] lib/foo_910.ex compiled in 127ms
[profile] Finished compilation cycle of 1 modules in 130ms
[profile] Finished group pass check of 1 modules in 3ms
Compiling 1 file (.ex)
[profile] lib/foo_920.ex compiled in 133ms
[profile] Finished compilation cycle of 1 modules in 137ms
[profile] Finished group pass check of 1 modules in 3ms
Compiling 1 file (.ex)
[profile] lib/foo_930.ex compiled in 132ms
[profile] Finished compilation cycle of 1 modules in 135ms
[profile] Finished group pass check of 1 modules in 2ms
Compiling 1 file (.ex)
[profile] lib/foo_940.ex compiled in 146ms
[profile] Finished compilation cycle of 1 modules in 149ms
[profile] Finished group pass check of 1 modules in 2ms
Compiling 1 file (.ex)
[profile] lib/foo_950.ex compiled in 165ms
[profile] Finished compilation cycle of 1 modules in 169ms
[profile] Finished group pass check of 1 modules in 2ms
Compiling 1 file (.ex)
[profile] lib/foo_960.ex compiled in 135ms
[profile] Finished compilation cycle of 1 modules in 138ms
[profile] Finished group pass check of 1 modules in 2ms
Compiling 1 file (.ex)
[profile] lib/foo_970.ex compiled in 144ms
[profile] Finished compilation cycle of 1 modules in 148ms
[profile] Finished group pass check of 1 modules in 2ms
Compiling 1 file (.ex)
[profile] lib/foo_980.ex compiled in 142ms
[profile] Finished compilation cycle of 1 modules in 145ms
[profile] Finished group pass check of 1 modules in 4ms
Compiling 1 file (.ex)
[profile] lib/foo_990.ex compiled in 157ms
[profile] Finished compilation cycle of 1 modules in 160ms
[profile] Finished group pass check of 1 modules in 3ms
Compiling 1 file (.ex)
[profile] lib/foo_1000.ex compiled in 149ms
[profile] Finished compilation cycle of 1 modules in 152ms
[profile] Finished group pass check of 1 modules in 3ms
Compiling 1 file (.ex)
[profile] lib/foo_1010.ex compiled in 142ms
[profile] Finished compilation cycle of 1 modules in 145ms
[profile] Finished group pass check of 1 modules in 3ms
Compiling 1 file (.ex)
[profile] lib/foo_1020.ex compiled in 150ms
[profile] Finished compilation cycle of 1 modules in 153ms
[profile] Finished group pass check of 1 modules in 3ms
Compiling 1 file (.ex)
[profile] lib/foo_1030.ex compiled in 152ms
[profile] Finished compilation cycle of 1 modules in 155ms
[profile] Finished group pass check of 1 modules in 3ms
Compiling 1 file (.ex)
[profile] lib/foo_1040.ex compiled in 146ms
[profile] Finished compilation cycle of 1 modules in 149ms
[profile] Finished group pass check of 1 modules in 2ms
Compiling 1 file (.ex)
[profile] lib/foo_1050.ex compiled in 210ms
[profile] Finished compilation cycle of 1 modules in 214ms
[profile] Finished group pass check of 1 modules in 3ms
Compiling 1 file (.ex)
[profile] lib/foo_1060.ex compiled in 154ms
[profile] Finished compilation cycle of 1 modules in 157ms
[profile] Finished group pass check of 1 modules in 2ms
Compiling 1 file (.ex)
[profile] lib/foo_1070.ex compiled in 153ms
[profile] Finished compilation cycle of 1 modules in 156ms
[profile] Finished group pass check of 1 modules in 3ms
Compiling 1 file (.ex)
[profile] lib/foo_1080.ex compiled in 165ms
[profile] Finished compilation cycle of 1 modules in 168ms
[profile] Finished group pass check of 1 modules in 3ms
Compiling 1 file (.ex)
[profile] lib/foo_1090.ex compiled in 158ms
[profile] Finished compilation cycle of 1 modules in 162ms
[profile] Finished group pass check of 1 modules in 3ms
Compiling 1 file (.ex)
[profile] lib/foo_1100.ex compiled in 161ms
[profile] Finished compilation cycle of 1 modules in 165ms
[profile] Finished group pass check of 1 modules in 4ms
Compiling 1 file (.ex)
[profile] lib/foo_1110.ex compiled in 167ms
[profile] Finished compilation cycle of 1 modules in 172ms
[profile] Finished group pass check of 1 modules in 4ms
Compiling 1 file (.ex)
[profile] lib/foo_1120.ex compiled in 165ms
[profile] Finished compilation cycle of 1 modules in 168ms
[profile] Finished group pass check of 1 modules in 3ms
Compiling 1 file (.ex)
[profile] lib/foo_1130.ex compiled in 164ms
[profile] Finished compilation cycle of 1 modules in 167ms
[profile] Finished group pass check of 1 modules in 3ms
Compiling 1 file (.ex)
[profile] lib/foo_1140.ex compiled in 202ms
[profile] Finished compilation cycle of 1 modules in 206ms
[profile] Finished group pass check of 1 modules in 4ms
Compiling 1 file (.ex)
[profile] lib/foo_1150.ex compiled in 171ms
[profile] Finished compilation cycle of 1 modules in 174ms
[profile] Finished group pass check of 1 modules in 3ms
Compiling 1 file (.ex)
[profile] lib/foo_1160.ex compiled in 175ms
[profile] Finished compilation cycle of 1 modules in 178ms
[profile] Finished group pass check of 1 modules in 3ms
Compiling 1 file (.ex)
[profile] lib/foo_1170.ex compiled in 254ms
[profile] Finished compilation cycle of 1 modules in 257ms
[profile] Finished group pass check of 1 modules in 3ms
Compiling 1 file (.ex)
[profile] lib/foo_1180.ex compiled in 178ms
[profile] Finished compilation cycle of 1 modules in 181ms
[profile] Finished group pass check of 1 modules in 3ms
Compiling 1 file (.ex)
[profile] lib/foo_1190.ex compiled in 178ms
[profile] Finished compilation cycle of 1 modules in 181ms
[profile] Finished group pass check of 1 modules in 3ms
Compiling 1 file (.ex)
[profile] lib/foo_1200.ex compiled in 206ms
[profile] Finished compilation cycle of 1 modules in 210ms
[profile] Finished group pass check of 1 modules in 3ms
Compiling 1 file (.ex)
[profile] lib/foo_1210.ex compiled in 187ms
[profile] Finished compilation cycle of 1 modules in 191ms
[profile] Finished group pass check of 1 modules in 6ms
Compiling 1 file (.ex)
[profile] lib/foo_1220.ex compiled in 182ms
[profile] Finished compilation cycle of 1 modules in 186ms
[profile] Finished group pass check of 1 modules in 3ms
Compiling 1 file (.ex)
[profile] lib/foo_1230.ex compiled in 190ms
[profile] Finished compilation cycle of 1 modules in 193ms
[profile] Finished group pass check of 1 modules in 3ms
Compiling 1 file (.ex)
[profile] lib/foo_1240.ex compiled in 206ms
[profile] Finished compilation cycle of 1 modules in 209ms
[profile] Finished group pass check of 1 modules in 4ms
Compiling 1 file (.ex)
[profile] lib/foo_1250.ex compiled in 187ms
[profile] Finished compilation cycle of 1 modules in 191ms
[profile] Finished group pass check of 1 modules in 3ms
Compiling 1 file (.ex)
[profile] lib/foo_1260.ex compiled in 193ms
[profile] Finished compilation cycle of 1 modules in 196ms
[profile] Finished group pass check of 1 modules in 4ms
Compiling 1 file (.ex)
[profile] lib/foo_1270.ex compiled in 202ms
[profile] Finished compilation cycle of 1 modules in 205ms
[profile] Finished group pass check of 1 modules in 3ms
Compiling 1 file (.ex)
[profile] lib/foo_1280.ex compiled in 200ms
[profile] Finished compilation cycle of 1 modules in 203ms
[profile] Finished group pass check of 1 modules in 4ms
Compiling 1 file (.ex)
[profile] lib/foo_1290.ex compiled in 199ms
[profile] Finished compilation cycle of 1 modules in 203ms
[profile] Finished group pass check of 1 modules in 4ms
Compiling 1 file (.ex)
[profile] lib/foo_1300.ex compiled in 201ms
[profile] Finished compilation cycle of 1 modules in 204ms
[profile] Finished group pass check of 1 modules in 4ms
Compiling 1 file (.ex)
[profile] lib/foo_1310.ex compiled in 202ms
[profile] Finished compilation cycle of 1 modules in 207ms
[profile] Finished group pass check of 1 modules in 7ms
Compiling 1 file (.ex)
[profile] lib/foo_1320.ex compiled in 214ms
[profile] Finished compilation cycle of 1 modules in 217ms
[profile] Finished group pass check of 1 modules in 4ms
Compiling 1 file (.ex)
[profile] lib/foo_1330.ex compiled in 209ms
[profile] Finished compilation cycle of 1 modules in 212ms
[profile] Finished group pass check of 1 modules in 4ms
Compiling 1 file (.ex)
[profile] lib/foo_1340.ex compiled in 218ms
[profile] Finished compilation cycle of 1 modules in 221ms
[profile] Finished group pass check of 1 modules in 3ms
Compiling 1 file (.ex)
[profile] lib/foo_1350.ex compiled in 214ms
[profile] Finished compilation cycle of 1 modules in 217ms
[profile] Finished group pass check of 1 modules in 3ms
Compiling 1 file (.ex)
[profile] lib/foo_1360.ex compiled in 214ms
[profile] Finished compilation cycle of 1 modules in 217ms
[profile] Finished group pass check of 1 modules in 3ms
Compiling 1 file (.ex)
[profile] lib/foo_1370.ex compiled in 210ms
[profile] Finished compilation cycle of 1 modules in 214ms
[profile] Finished group pass check of 1 modules in 3ms
Compiling 1 file (.ex)
[profile] lib/foo_1380.ex compiled in 223ms
[profile] Finished compilation cycle of 1 modules in 228ms
[profile] Finished group pass check of 1 modules in 4ms
Compiling 1 file (.ex)
[profile] lib/foo_1390.ex compiled in 218ms
[profile] Finished compilation cycle of 1 modules in 221ms
[profile] Finished group pass check of 1 modules in 4ms
Compiling 1 file (.ex)
[profile] lib/foo_1400.ex compiled in 226ms
[profile] Finished compilation cycle of 1 modules in 229ms
[profile] Finished group pass check of 1 modules in 4ms
Compiling 1 file (.ex)
[profile] lib/foo_1410.ex compiled in 243ms
[profile] Finished compilation cycle of 1 modules in 247ms
[profile] Finished group pass check of 1 modules in 4ms
Compiling 1 file (.ex)
[profile] lib/foo_1420.ex compiled in 236ms
[profile] Finished compilation cycle of 1 modules in 240ms
[profile] Finished group pass check of 1 modules in 5ms
Compiling 1 file (.ex)
[profile] lib/foo_1430.ex compiled in 231ms
[profile] Finished compilation cycle of 1 modules in 234ms
[profile] Finished group pass check of 1 modules in 4ms
Compiling 1 file (.ex)
[profile] lib/foo_1440.ex compiled in 224ms
[profile] Finished compilation cycle of 1 modules in 228ms
[profile] Finished group pass check of 1 modules in 4ms
Compiling 1 file (.ex)
[profile] lib/foo_1450.ex compiled in 242ms
[profile] Finished compilation cycle of 1 modules in 245ms
[profile] Finished group pass check of 1 modules in 4ms
Compiling 1 file (.ex)
[profile] lib/foo_1460.ex compiled in 228ms
[profile] Finished compilation cycle of 1 modules in 231ms
[profile] Finished group pass check of 1 modules in 4ms
Compiling 1 file (.ex)
[profile] lib/foo_1470.ex compiled in 240ms
[profile] Finished compilation cycle of 1 modules in 243ms
[profile] Finished group pass check of 1 modules in 4ms
Compiling 1 file (.ex)
[profile] lib/foo_1480.ex compiled in 265ms
[profile] Finished compilation cycle of 1 modules in 268ms
[profile] Finished group pass check of 1 modules in 3ms
Compiling 1 file (.ex)
[profile] lib/foo_1490.ex compiled in 240ms
[profile] Finished compilation cycle of 1 modules in 243ms
[profile] Finished group pass check of 1 modules in 4ms
Compiling 1 file (.ex)
[profile] lib/foo_1500.ex compiled in 274ms
[profile] Finished compilation cycle of 1 modules in 277ms
[profile] Finished group pass check of 1 modules in 7ms
Compiling 1 file (.ex)
[profile] lib/foo_1510.ex compiled in 236ms
[profile] Finished compilation cycle of 1 modules in 239ms
[profile] Finished group pass check of 1 modules in 4ms
Compiling 1 file (.ex)
[profile] lib/foo_1520.ex compiled in 243ms
[profile] Finished compilation cycle of 1 modules in 246ms
[profile] Finished group pass check of 1 modules in 3ms
Compiling 1 file (.ex)
[profile] lib/foo_1530.ex compiled in 269ms
[profile] Finished compilation cycle of 1 modules in 274ms
[profile] Finished group pass check of 1 modules in 5ms
Compiling 1 file (.ex)
[profile] lib/foo_1540.ex compiled in 257ms
[profile] Finished compilation cycle of 1 modules in 260ms
[profile] Finished group pass check of 1 modules in 3ms
Compiling 1 file (.ex)
[profile] lib/foo_1550.ex compiled in 255ms
[profile] Finished compilation cycle of 1 modules in 258ms
[profile] Finished group pass check of 1 modules in 6ms
Compiling 1 file (.ex)
[profile] lib/foo_1560.ex compiled in 252ms
[profile] Finished compilation cycle of 1 modules in 255ms
[profile] Finished group pass check of 1 modules in 3ms
Compiling 1 file (.ex)
[profile] lib/foo_1570.ex compiled in 255ms
[profile] Finished compilation cycle of 1 modules in 259ms
[profile] Finished group pass check of 1 modules in 4ms
Compiling 1 file (.ex)
[profile] lib/foo_1580.ex compiled in 263ms
[profile] Finished compilation cycle of 1 modules in 267ms
[profile] Finished group pass check of 1 modules in 5ms
Compiling 1 file (.ex)
[profile] lib/foo_1590.ex compiled in 264ms
[profile] Finished compilation cycle of 1 modules in 267ms
[profile] Finished group pass check of 1 modules in 3ms
Compiling 1 file (.ex)
[profile] lib/foo_1600.ex compiled in 285ms
[profile] Finished compilation cycle of 1 modules in 290ms
[profile] Finished group pass check of 1 modules in 11ms
Compiling 1 file (.ex)
[profile] lib/foo_1610.ex compiled in 281ms
[profile] Finished compilation cycle of 1 modules in 284ms
[profile] Finished group pass check of 1 modules in 4ms
Compiling 1 file (.ex)
[profile] lib/foo_1620.ex compiled in 271ms
[profile] Finished compilation cycle of 1 modules in 274ms
[profile] Finished group pass check of 1 modules in 4ms
Compiling 1 file (.ex)
[profile] lib/foo_1630.ex compiled in 278ms
[profile] Finished compilation cycle of 1 modules in 281ms
[profile] Finished group pass check of 1 modules in 4ms
Compiling 1 file (.ex)
[profile] lib/foo_1640.ex compiled in 265ms
[profile] Finished compilation cycle of 1 modules in 269ms
[profile] Finished group pass check of 1 modules in 4ms
Compiling 1 file (.ex)
[profile] lib/foo_1650.ex compiled in 348ms
[profile] Finished compilation cycle of 1 modules in 352ms
[profile] Finished group pass check of 1 modules in 4ms
Compiling 1 file (.ex)
[profile] lib/foo_1660.ex compiled in 297ms
[profile] Finished compilation cycle of 1 modules in 300ms
[profile] Finished group pass check of 1 modules in 4ms
Compiling 1 file (.ex)
[profile] lib/foo_1670.ex compiled in 277ms
[profile] Finished compilation cycle of 1 modules in 280ms
[profile] Finished group pass check of 1 modules in 4ms
Compiling 1 file (.ex)
[profile] lib/foo_1680.ex compiled in 376ms
[profile] Finished compilation cycle of 1 modules in 381ms
[profile] Finished group pass check of 1 modules in 7ms
Compiling 1 file (.ex)
[profile] lib/foo_1690.ex compiled in 378ms
[profile] Finished compilation cycle of 1 modules in 381ms
[profile] Finished group pass check of 1 modules in 5ms
Compiling 1 file (.ex)
[profile] lib/foo_1700.ex compiled in 376ms
[profile] Finished compilation cycle of 1 modules in 379ms
[profile] Finished group pass check of 1 modules in 5ms
Compiling 1 file (.ex)
[profile] lib/foo_1710.ex compiled in 348ms
[profile] Finished compilation cycle of 1 modules in 351ms
[profile] Finished group pass check of 1 modules in 4ms
Compiling 1 file (.ex)
[profile] lib/foo_1720.ex compiled in 317ms
[profile] Finished compilation cycle of 1 modules in 320ms
[profile] Finished group pass check of 1 modules in 5ms
Compiling 1 file (.ex)
[profile] lib/foo_1730.ex compiled in 308ms
[profile] Finished compilation cycle of 1 modules in 312ms
[profile] Finished group pass check of 1 modules in 4ms
Compiling 1 file (.ex)
[profile] lib/foo_1740.ex compiled in 367ms
[profile] Finished compilation cycle of 1 modules in 370ms
[profile] Finished group pass check of 1 modules in 5ms
Compiling 1 file (.ex)
[profile] lib/foo_1750.ex compiled in 321ms
[profile] Finished compilation cycle of 1 modules in 324ms
[profile] Finished group pass check of 1 modules in 4ms
Compiling 1 file (.ex)
[profile] lib/foo_1760.ex compiled in 302ms
[profile] Finished compilation cycle of 1 modules in 305ms
[profile] Finished group pass check of 1 modules in 6ms
Compiling 1 file (.ex)
[profile] lib/foo_1770.ex compiled in 300ms
[profile] Finished compilation cycle of 1 modules in 303ms
[profile] Finished group pass check of 1 modules in 5ms
Compiling 1 file (.ex)
[profile] lib/foo_1780.ex compiled in 303ms
[profile] Finished compilation cycle of 1 modules in 306ms
[profile] Finished group pass check of 1 modules in 5ms
Compiling 1 file (.ex)
[profile] lib/foo_1790.ex compiled in 336ms
[profile] Finished compilation cycle of 1 modules in 340ms
[profile] Finished group pass check of 1 modules in 5ms
Compiling 1 file (.ex)
[profile] lib/foo_1800.ex compiled in 328ms
[profile] Finished compilation cycle of 1 modules in 331ms
[profile] Finished group pass check of 1 modules in 5ms
Compiling 1 file (.ex)
[profile] lib/foo_1810.ex compiled in 337ms
[profile] Finished compilation cycle of 1 modules in 341ms
[profile] Finished group pass check of 1 modules in 5ms
Compiling 1 file (.ex)
[profile] lib/foo_1820.ex compiled in 356ms
[profile] Finished compilation cycle of 1 modules in 359ms
[profile] Finished group pass check of 1 modules in 5ms
Compiling 1 file (.ex)
[profile] lib/foo_1830.ex compiled in 348ms
[profile] Finished compilation cycle of 1 modules in 352ms
[profile] Finished group pass check of 1 modules in 8ms
Compiling 1 file (.ex)
[profile] lib/foo_1840.ex compiled in 320ms
[profile] Finished compilation cycle of 1 modules in 324ms
[profile] Finished group pass check of 1 modules in 6ms
Compiling 1 file (.ex)
[profile] lib/foo_1850.ex compiled in 327ms
[profile] Finished compilation cycle of 1 modules in 330ms
[profile] Finished group pass check of 1 modules in 5ms
Compiling 1 file (.ex)
[profile] lib/foo_1860.ex compiled in 330ms
[profile] Finished compilation cycle of 1 modules in 333ms
[profile] Finished group pass check of 1 modules in 5ms
Compiling 1 file (.ex)
[profile] lib/foo_1870.ex compiled in 358ms
[profile] Finished compilation cycle of 1 modules in 363ms
[profile] Finished group pass check of 1 modules in 6ms
Compiling 1 file (.ex)
[profile] lib/foo_1880.ex compiled in 353ms
[profile] Finished compilation cycle of 1 modules in 356ms
[profile] Finished group pass check of 1 modules in 5ms
Compiling 1 file (.ex)
[profile] lib/foo_1890.ex compiled in 338ms
[profile] Finished compilation cycle of 1 modules in 342ms
[profile] Finished group pass check of 1 modules in 11ms
Compiling 1 file (.ex)
[profile] lib/foo_1900.ex compiled in 337ms
[profile] Finished compilation cycle of 1 modules in 341ms
[profile] Finished group pass check of 1 modules in 6ms
Compiling 1 file (.ex)
[profile] lib/foo_1910.ex compiled in 367ms
[profile] Finished compilation cycle of 1 modules in 370ms
[profile] Finished group pass check of 1 modules in 5ms
Compiling 1 file (.ex)
[profile] lib/foo_1920.ex compiled in 352ms
[profile] Finished compilation cycle of 1 modules in 355ms
[profile] Finished group pass check of 1 modules in 5ms
Compiling 1 file (.ex)
[profile] lib/foo_1930.ex compiled in 356ms
[profile] Finished compilation cycle of 1 modules in 360ms
[profile] Finished group pass check of 1 modules in 8ms
Compiling 1 file (.ex)
[profile] lib/foo_1940.ex compiled in 350ms
[profile] Finished compilation cycle of 1 modules in 354ms
[profile] Finished group pass check of 1 modules in 6ms
Compiling 1 file (.ex)
[profile] lib/foo_1950.ex compiled in 344ms
[profile] Finished compilation cycle of 1 modules in 347ms
[profile] Finished group pass check of 1 modules in 6ms
Compiling 1 file (.ex)
[profile] lib/foo_1960.ex compiled in 359ms
[profile] Finished compilation cycle of 1 modules in 362ms
[profile] Finished group pass check of 1 modules in 5ms
Compiling 1 file (.ex)
[profile] lib/foo_1970.ex compiled in 342ms
[profile] Finished compilation cycle of 1 modules in 345ms
[profile] Finished group pass check of 1 modules in 5ms
Compiling 1 file (.ex)
[profile] lib/foo_1980.ex compiled in 346ms
[profile] Finished compilation cycle of 1 modules in 350ms
[profile] Finished group pass check of 1 modules in 5ms
Compiling 1 file (.ex)
[profile] lib/foo_1990.ex compiled in 341ms
[profile] Finished compilation cycle of 1 modules in 344ms
[profile] Finished group pass check of 1 modules in 5ms
Compiling 1 file (.ex)
[profile] lib/foo_2000.ex compiled in 385ms
[profile] Finished compilation cycle of 1 modules in 388ms
[profile] Finished group pass check of 1 modules in 4ms
Compiling 1 file (.ex)
[profile] lib/foo_2010.ex compiled in 371ms
[profile] Finished compilation cycle of 1 modules in 374ms
[profile] Finished group pass check of 1 modules in 6ms
Compiling 1 file (.ex)
[profile] lib/foo_2020.ex compiled in 390ms
[profile] Finished compilation cycle of 1 modules in 394ms
[profile] Finished group pass check of 1 modules in 5ms
Compiling 1 file (.ex)
[profile] lib/foo_2030.ex compiled in 886ms
[profile] Finished compilation cycle of 1 modules in 889ms
[profile] Finished group pass check of 1 modules in 8ms
Compiling 1 file (.ex)
[profile] lib/foo_2040.ex compiled in 351ms
[profile] Finished compilation cycle of 1 modules in 354ms
[profile] Finished group pass check of 1 modules in 5ms
Compiling 1 file (.ex)
[profile] lib/foo_2050.ex compiled in 383ms
[profile] Finished compilation cycle of 1 modules in 387ms
[profile] Finished group pass check of 1 modules in 7ms
Compiling 1 file (.ex)
[profile] lib/foo_2060.ex compiled in 368ms
[profile] Finished compilation cycle of 1 modules in 371ms
[profile] Finished group pass check of 1 modules in 5ms
Compiling 1 file (.ex)
[profile] lib/foo_2070.ex compiled in 401ms
[profile] Finished compilation cycle of 1 modules in 404ms
[profile] Finished group pass check of 1 modules in 6ms
Compiling 1 file (.ex)
[profile] lib/foo_2080.ex compiled in 385ms
[profile] Finished compilation cycle of 1 modules in 388ms
[profile] Finished group pass check of 1 modules in 6ms
Compiling 1 file (.ex)
[profile] lib/foo_2090.ex compiled in 385ms
[profile] Finished compilation cycle of 1 modules in 389ms
[profile] Finished group pass check of 1 modules in 5ms
Compiling 1 file (.ex)
[profile] lib/foo_2100.ex compiled in 393ms
[profile] Finished compilation cycle of 1 modules in 396ms
[profile] Finished group pass check of 1 modules in 5ms
Compiling 1 file (.ex)
[profile] lib/foo_2110.ex compiled in 393ms
[profile] Finished compilation cycle of 1 modules in 397ms
[profile] Finished group pass check of 1 modules in 5ms
Compiling 1 file (.ex)
[profile] lib/foo_2120.ex compiled in 392ms
[profile] Finished compilation cycle of 1 modules in 395ms
[profile] Finished group pass check of 1 modules in 5ms
Compiling 1 file (.ex)
[profile] lib/foo_2130.ex compiled in 413ms
[profile] Finished compilation cycle of 1 modules in 416ms
[profile] Finished group pass check of 1 modules in 6ms
Compiling 1 file (.ex)
[profile] lib/foo_2140.ex compiled in 378ms
[profile] Finished compilation cycle of 1 modules in 381ms
[profile] Finished group pass check of 1 modules in 6ms
Compiling 1 file (.ex)
[profile] lib/foo_2150.ex compiled in 389ms
[profile] Finished compilation cycle of 1 modules in 392ms
[profile] Finished group pass check of 1 modules in 7ms
Compiling 1 file (.ex)
[profile] lib/foo_2160.ex compiled in 383ms
[profile] Finished compilation cycle of 1 modules in 386ms
[profile] Finished group pass check of 1 modules in 5ms
Compiling 1 file (.ex)
[profile] lib/foo_2170.ex compiled in 399ms
[profile] Finished compilation cycle of 1 modules in 402ms
[profile] Finished group pass check of 1 modules in 6ms
Compiling 1 file (.ex)
[profile] lib/foo_2180.ex compiled in 445ms
[profile] Finished compilation cycle of 1 modules in 448ms
[profile] Finished group pass check of 1 modules in 6ms
Compiling 1 file (.ex)
[profile] lib/foo_2190.ex compiled in 417ms
[profile] Finished compilation cycle of 1 modules in 420ms
[profile] Finished group pass check of 1 modules in 5ms
Compiling 1 file (.ex)
[profile] lib/foo_2200.ex compiled in 499ms
[profile] Finished compilation cycle of 1 modules in 502ms
[profile] Finished group pass check of 1 modules in 6ms
Compiling 1 file (.ex)
[profile] lib/foo_2210.ex compiled in 417ms
[profile] Finished compilation cycle of 1 modules in 420ms
[profile] Finished group pass check of 1 modules in 6ms
Compiling 1 file (.ex)
[profile] lib/foo_2220.ex compiled in 413ms
[profile] Finished compilation cycle of 1 modules in 416ms
[profile] Finished group pass check of 1 modules in 5ms
Compiling 1 file (.ex)
[profile] lib/foo_2230.ex compiled in 446ms
[profile] Finished compilation cycle of 1 modules in 449ms
[profile] Finished group pass check of 1 modules in 5ms
Compiling 1 file (.ex)
[profile] lib/foo_2240.ex compiled in 414ms
[profile] Finished compilation cycle of 1 modules in 417ms
[profile] Finished group pass check of 1 modules in 7ms
Compiling 1 file (.ex)
[profile] lib/foo_2250.ex compiled in 432ms
[profile] Finished compilation cycle of 1 modules in 435ms
[profile] Finished group pass check of 1 modules in 6ms
Compiling 1 file (.ex)
[profile] lib/foo_2260.ex compiled in 426ms
[profile] Finished compilation cycle of 1 modules in 430ms
[profile] Finished group pass check of 1 modules in 6ms
Compiling 1 file (.ex)
[profile] lib/foo_2270.ex compiled in 422ms
[profile] Finished compilation cycle of 1 modules in 425ms
[profile] Finished group pass check of 1 modules in 6ms
Compiling 1 file (.ex)
[profile] lib/foo_2280.ex compiled in 427ms
[profile] Finished compilation cycle of 1 modules in 431ms
[profile] Finished group pass check of 1 modules in 6ms
Compiling 1 file (.ex)
[profile] lib/foo_2290.ex compiled in 440ms
[profile] Finished compilation cycle of 1 modules in 444ms
[profile] Finished group pass check of 1 modules in 6ms
Compiling 1 file (.ex)
[profile] lib/foo_2300.ex compiled in 438ms
[profile] Finished compilation cycle of 1 modules in 441ms
[profile] Finished group pass check of 1 modules in 6ms
Compiling 1 file (.ex)
[profile] lib/foo_2310.ex compiled in 481ms
[profile] Finished compilation cycle of 1 modules in 484ms
[profile] Finished group pass check of 1 modules in 6ms
Compiling 1 file (.ex)
[profile] lib/foo_2320.ex compiled in 478ms
[profile] Finished compilation cycle of 1 modules in 481ms
[profile] Finished group pass check of 1 modules in 6ms
Compiling 1 file (.ex)
[profile] lib/foo_2330.ex compiled in 450ms
[profile] Finished compilation cycle of 1 modules in 453ms
[profile] Finished group pass check of 1 modules in 7ms
Compiling 1 file (.ex)
[profile] lib/foo_2340.ex compiled in 484ms
[profile] Finished compilation cycle of 1 modules in 487ms
[profile] Finished group pass check of 1 modules in 6ms
Compiling 1 file (.ex)
[profile] lib/foo_2350.ex compiled in 461ms
[profile] Finished compilation cycle of 1 modules in 464ms
[profile] Finished group pass check of 1 modules in 6ms
Compiling 1 file (.ex)
[profile] lib/foo_2360.ex compiled in 455ms
[profile] Finished compilation cycle of 1 modules in 458ms
[profile] Finished group pass check of 1 modules in 6ms
Compiling 1 file (.ex)
[profile] lib/foo_2370.ex compiled in 467ms
[profile] Finished compilation cycle of 1 modules in 470ms
[profile] Finished group pass check of 1 modules in 6ms
Compiling 1 file (.ex)
[profile] lib/foo_2380.ex compiled in 463ms
[profile] Finished compilation cycle of 1 modules in 467ms
[profile] Finished group pass check of 1 modules in 6ms
Compiling 1 file (.ex)
[profile] lib/foo_2390.ex compiled in 455ms
[profile] Finished compilation cycle of 1 modules in 458ms
[profile] Finished group pass check of 1 modules in 7ms
Compiling 1 file (.ex)
[profile] lib/foo_2400.ex compiled in 484ms
[profile] Finished compilation cycle of 1 modules in 487ms
[profile] Finished group pass check of 1 modules in 8ms
Compiling 1 file (.ex)
[profile] lib/foo_2410.ex compiled in 516ms
[profile] Finished compilation cycle of 1 modules in 520ms
[profile] Finished group pass check of 1 modules in 7ms
Compiling 1 file (.ex)
[profile] lib/foo_2420.ex compiled in 485ms
[profile] Finished compilation cycle of 1 modules in 488ms
[profile] Finished group pass check of 1 modules in 6ms
Compiling 1 file (.ex)
[profile] lib/foo_2430.ex compiled in 469ms
[profile] Finished compilation cycle of 1 modules in 473ms
[profile] Finished group pass check of 1 modules in 6ms
Compiling 1 file (.ex)
[profile] lib/foo_2440.ex compiled in 483ms
[profile] Finished compilation cycle of 1 modules in 486ms
[profile] Finished group pass check of 1 modules in 6ms
Compiling 1 file (.ex)
[profile] lib/foo_2450.ex compiled in 470ms
[profile] Finished compilation cycle of 1 modules in 473ms
[profile] Finished group pass check of 1 modules in 7ms
Compiling 1 file (.ex)
[profile] lib/foo_2460.ex compiled in 490ms
[profile] Finished compilation cycle of 1 modules in 493ms
[profile] Finished group pass check of 1 modules in 6ms
Compiling 1 file (.ex)
[profile] lib/foo_2470.ex compiled in 489ms
[profile] Finished compilation cycle of 1 modules in 492ms
[profile] Finished group pass check of 1 modules in 6ms
Compiling 1 file (.ex)
[profile] lib/foo_2480.ex compiled in 492ms
[profile] Finished compilation cycle of 1 modules in 495ms
[profile] Finished group pass check of 1 modules in 6ms
Compiling 1 file (.ex)
[profile] lib/foo_2490.ex compiled in 499ms
[profile] Finished compilation cycle of 1 modules in 502ms
[profile] Finished group pass check of 1 modules in 8ms
Compiling 1 file (.ex)
[profile] lib/foo_2500.ex compiled in 499ms
[profile] Finished compilation cycle of 1 modules in 503ms
[profile] Finished group pass check of 1 modules in 6ms
Compiling 1 file (.ex)
[profile] lib/foo_2510.ex compiled in 505ms
[profile] Finished compilation cycle of 1 modules in 509ms
[profile] Finished group pass check of 1 modules in 6ms
Compiling 1 file (.ex)
[profile] lib/foo_2520.ex compiled in 474ms
[profile] Finished compilation cycle of 1 modules in 477ms
[profile] Finished group pass check of 1 modules in 6ms
Compiling 1 file (.ex)
[profile] lib/foo_2530.ex compiled in 487ms
[profile] Finished compilation cycle of 1 modules in 490ms
[profile] Finished group pass check of 1 modules in 7ms
Compiling 1 file (.ex)
[profile] lib/foo_2540.ex compiled in 512ms
[profile] Finished compilation cycle of 1 modules in 515ms
[profile] Finished group pass check of 1 modules in 6ms
Compiling 1 file (.ex)
[profile] lib/foo_2550.ex compiled in 500ms
[profile] Finished compilation cycle of 1 modules in 504ms
[profile] Finished group pass check of 1 modules in 7ms
Compiling 1 file (.ex)
[profile] lib/foo_2560.ex compiled in 513ms
[profile] Finished compilation cycle of 1 modules in 517ms
[profile] Finished group pass check of 1 modules in 6ms
Compiling 1 file (.ex)
[profile] lib/foo_2570.ex compiled in 501ms
[profile] Finished compilation cycle of 1 modules in 504ms
[profile] Finished group pass check of 1 modules in 7ms
Compiling 1 file (.ex)
[profile] lib/foo_2580.ex compiled in 490ms
[profile] Finished compilation cycle of 1 modules in 493ms
[profile] Finished group pass check of 1 modules in 6ms
Compiling 1 file (.ex)
[profile] lib/foo_2590.ex compiled in 487ms
[profile] Finished compilation cycle of 1 modules in 490ms
[profile] Finished group pass check of 1 modules in 7ms
Compiling 1 file (.ex)
[profile] lib/foo_2600.ex compiled in 525ms
[profile] Finished compilation cycle of 1 modules in 528ms
[profile] Finished group pass check of 1 modules in 7ms
Compiling 1 file (.ex)
[profile] lib/foo_2610.ex compiled in 517ms
[profile] Finished compilation cycle of 1 modules in 520ms
[profile] Finished group pass check of 1 modules in 6ms
Compiling 1 file (.ex)
[profile] lib/foo_2620.ex compiled in 527ms
[profile] Finished compilation cycle of 1 modules in 530ms
[profile] Finished group pass check of 1 modules in 6ms
Compiling 1 file (.ex)
[profile] lib/foo_2630.ex compiled in 541ms
[profile] Finished compilation cycle of 1 modules in 544ms
[profile] Finished group pass check of 1 modules in 7ms
Compiling 1 file (.ex)
[profile] lib/foo_2640.ex compiled in 634ms
[profile] Finished compilation cycle of 1 modules in 638ms
[profile] Finished group pass check of 1 modules in 9ms
Compiling 1 file (.ex)
[profile] lib/foo_2650.ex compiled in 692ms
[profile] Finished compilation cycle of 1 modules in 695ms
[profile] Finished group pass check of 1 modules in 8ms
Compiling 1 file (.ex)
[profile] lib/foo_2660.ex compiled in 692ms
[profile] Finished compilation cycle of 1 modules in 695ms
[profile] Finished group pass check of 1 modules in 7ms
Compiling 1 file (.ex)
[profile] lib/foo_2670.ex compiled in 510ms
[profile] Finished compilation cycle of 1 modules in 513ms
[profile] Finished group pass check of 1 modules in 7ms
Compiling 1 file (.ex)
[profile] lib/foo_2680.ex compiled in 659ms
[profile] Finished compilation cycle of 1 modules in 662ms
[profile] Finished group pass check of 1 modules in 6ms
Compiling 1 file (.ex)
[profile] lib/foo_2690.ex compiled in 547ms
[profile] Finished compilation cycle of 1 modules in 550ms
[profile] Finished group pass check of 1 modules in 7ms
Compiling 1 file (.ex)
[profile] lib/foo_2700.ex compiled in 637ms
[profile] Finished compilation cycle of 1 modules in 640ms
[profile] Finished group pass check of 1 modules in 7ms
Compiling 1 file (.ex)
[profile] lib/foo_2710.ex compiled in 570ms
[profile] Finished compilation cycle of 1 modules in 573ms
[profile] Finished group pass check of 1 modules in 6ms
Compiling 1 file (.ex)
[profile] lib/foo_2720.ex compiled in 539ms
[profile] Finished compilation cycle of 1 modules in 542ms
[profile] Finished group pass check of 1 modules in 7ms
Compiling 1 file (.ex)
[profile] lib/foo_2730.ex compiled in 549ms
[profile] Finished compilation cycle of 1 modules in 553ms
[profile] Finished group pass check of 1 modules in 7ms
Compiling 1 file (.ex)
[profile] lib/foo_2740.ex compiled in 546ms
[profile] Finished compilation cycle of 1 modules in 549ms
[profile] Finished group pass check of 1 modules in 7ms
Compiling 1 file (.ex)
[profile] lib/foo_2750.ex compiled in 624ms
[profile] Finished compilation cycle of 1 modules in 627ms
[profile] Finished group pass check of 1 modules in 7ms
Compiling 1 file (.ex)
[profile] lib/foo_2760.ex compiled in 631ms
[profile] Finished compilation cycle of 1 modules in 634ms
[profile] Finished group pass check of 1 modules in 7ms
Compiling 1 file (.ex)
[profile] lib/foo_2770.ex compiled in 567ms
[profile] Finished compilation cycle of 1 modules in 570ms
[profile] Finished group pass check of 1 modules in 8ms
Compiling 1 file (.ex)
[profile] lib/foo_2780.ex compiled in 540ms
[profile] Finished compilation cycle of 1 modules in 544ms
[profile] Finished group pass check of 1 modules in 7ms
Compiling 1 file (.ex)
[profile] lib/foo_2790.ex compiled in 595ms
[profile] Finished compilation cycle of 1 modules in 598ms
[profile] Finished group pass check of 1 modules in 7ms
Compiling 1 file (.ex)
[profile] lib/foo_2800.ex compiled in 606ms
[profile] Finished compilation cycle of 1 modules in 610ms
[profile] Finished group pass check of 1 modules in 7ms
Compiling 1 file (.ex)
[profile] lib/foo_2810.ex compiled in 563ms
[profile] Finished compilation cycle of 1 modules in 566ms
[profile] Finished group pass check of 1 modules in 8ms
Compiling 1 file (.ex)
[profile] lib/foo_2820.ex compiled in 596ms
[profile] Finished compilation cycle of 1 modules in 600ms
[profile] Finished group pass check of 1 modules in 7ms
Compiling 1 file (.ex)
[profile] lib/foo_2830.ex compiled in 689ms
[profile] Finished compilation cycle of 1 modules in 692ms
[profile] Finished group pass check of 1 modules in 8ms
Compiling 1 file (.ex)
[profile] lib/foo_2840.ex compiled in 617ms
[profile] Finished compilation cycle of 1 modules in 621ms
[profile] Finished group pass check of 1 modules in 7ms
Compiling 1 file (.ex)
[profile] lib/foo_2850.ex compiled in 573ms
[profile] Finished compilation cycle of 1 modules in 576ms
[profile] Finished group pass check of 1 modules in 7ms
Compiling 1 file (.ex)
[profile] lib/foo_2860.ex compiled in 636ms
[profile] Finished compilation cycle of 1 modules in 640ms
[profile] Finished group pass check of 1 modules in 9ms
Compiling 1 file (.ex)
[profile] lib/foo_2870.ex compiled in 574ms
[profile] Finished compilation cycle of 1 modules in 578ms
[profile] Finished group pass check of 1 modules in 7ms
Compiling 1 file (.ex)
[profile] lib/foo_2880.ex compiled in 633ms
[profile] Finished compilation cycle of 1 modules in 637ms
[profile] Finished group pass check of 1 modules in 9ms
Compiling 1 file (.ex)
[profile] lib/foo_2890.ex compiled in 636ms
[profile] Finished compilation cycle of 1 modules in 639ms
[profile] Finished group pass check of 1 modules in 7ms
Compiling 1 file (.ex)
[profile] lib/foo_2900.ex compiled in 635ms
[profile] Finished compilation cycle of 1 modules in 638ms
[profile] Finished group pass check of 1 modules in 7ms
Compiling 1 file (.ex)
[profile] lib/foo_2910.ex compiled in 634ms
[profile] Finished compilation cycle of 1 modules in 637ms
[profile] Finished group pass check of 1 modules in 7ms
Compiling 1 file (.ex)
[profile] lib/foo_2920.ex compiled in 661ms
[profile] Finished compilation cycle of 1 modules in 664ms
[profile] Finished group pass check of 1 modules in 7ms
Compiling 1 file (.ex)
[profile] lib/foo_2930.ex compiled in 599ms
[profile] Finished compilation cycle of 1 modules in 602ms
[profile] Finished group pass check of 1 modules in 9ms
Compiling 1 file (.ex)
[profile] lib/foo_2940.ex compiled in 586ms
[profile] Finished compilation cycle of 1 modules in 589ms
[profile] Finished group pass check of 1 modules in 8ms
Compiling 1 file (.ex)
[profile] lib/foo_2950.ex compiled in 620ms
[profile] Finished compilation cycle of 1 modules in 623ms
[profile] Finished group pass check of 1 modules in 7ms
Compiling 1 file (.ex)
[profile] lib/foo_2960.ex compiled in 629ms
[profile] Finished compilation cycle of 1 modules in 632ms
[profile] Finished group pass check of 1 modules in 8ms
Compiling 1 file (.ex)
[profile] lib/foo_2970.ex compiled in 593ms
[profile] Finished compilation cycle of 1 modules in 596ms
[profile] Finished group pass check of 1 modules in 7ms
Compiling 1 file (.ex)
[profile] lib/foo_2980.ex compiled in 675ms
[profile] Finished compilation cycle of 1 modules in 678ms
[profile] Finished group pass check of 1 modules in 8ms
Compiling 1 file (.ex)
[profile] lib/foo_2990.ex compiled in 620ms
[profile] Finished compilation cycle of 1 modules in 623ms
[profile] Finished group pass check of 1 modules in 8ms
Compiling 1 file (.ex)
[profile] lib/foo_3000.ex compiled in 645ms
[profile] Finished compilation cycle of 1 modules in 648ms
[profile] Finished group pass check of 1 modules in 8ms
Compiling 1 file (.ex)
[profile] lib/foo_3010.ex compiled in 684ms
[profile] Finished compilation cycle of 1 modules in 688ms
[profile] Finished group pass check of 1 modules in 7ms
Compiling 1 file (.ex)
[profile] lib/foo_3020.ex compiled in 677ms
[profile] Finished compilation cycle of 1 modules in 680ms
[profile] Finished group pass check of 1 modules in 7ms
Compiling 1 file (.ex)
[profile] lib/foo_3030.ex compiled in 798ms
[profile] Finished compilation cycle of 1 modules in 802ms
[profile] Finished group pass check of 1 modules in 8ms
Compiling 1 file (.ex)
[profile] lib/foo_3040.ex compiled in 624ms
[profile] Finished compilation cycle of 1 modules in 627ms
[profile] Finished group pass check of 1 modules in 8ms
Compiling 1 file (.ex)
[profile] lib/foo_3050.ex compiled in 672ms
[profile] Finished compilation cycle of 1 modules in 675ms
[profile] Finished group pass check of 1 modules in 9ms
Compiling 1 file (.ex)
[profile] lib/foo_3060.ex compiled in 647ms
[profile] Finished compilation cycle of 1 modules in 650ms
[profile] Finished group pass check of 1 modules in 8ms
Compiling 1 file (.ex)
[profile] lib/foo_3070.ex compiled in 636ms
[profile] Finished compilation cycle of 1 modules in 639ms
[profile] Finished group pass check of 1 modules in 11ms
Compiling 1 file (.ex)
[profile] lib/foo_3080.ex compiled in 699ms
[profile] Finished compilation cycle of 1 modules in 703ms
[profile] Finished group pass check of 1 modules in 8ms
Compiling 1 file (.ex)
[profile] lib/foo_3090.ex compiled in 700ms
[profile] Finished compilation cycle of 1 modules in 703ms
[profile] Finished group pass check of 1 modules in 11ms
Compiling 1 file (.ex)
[profile] lib/foo_3100.ex compiled in 744ms
[profile] Finished compilation cycle of 1 modules in 747ms
[profile] Finished group pass check of 1 modules in 8ms
Compiling 1 file (.ex)
[profile] lib/foo_3110.ex compiled in 665ms
[profile] Finished compilation cycle of 1 modules in 669ms
[profile] Finished group pass check of 1 modules in 9ms
Compiling 1 file (.ex)
[profile] lib/foo_3120.ex compiled in 670ms
[profile] Finished compilation cycle of 1 modules in 674ms
[profile] Finished group pass check of 1 modules in 8ms
Compiling 1 file (.ex)
[profile] lib/foo_3130.ex compiled in 732ms
[profile] Finished compilation cycle of 1 modules in 736ms
[profile] Finished group pass check of 1 modules in 8ms
Compiling 1 file (.ex)
[profile] lib/foo_3140.ex compiled in 661ms
[profile] Finished compilation cycle of 1 modules in 665ms
[profile] Finished group pass check of 1 modules in 8ms
Compiling 1 file (.ex)
[profile] lib/foo_3150.ex compiled in 707ms
[profile] Finished compilation cycle of 1 modules in 710ms
[profile] Finished group pass check of 1 modules in 8ms
Compiling 1 file (.ex)
[profile] lib/foo_3160.ex compiled in 665ms
[profile] Finished compilation cycle of 1 modules in 670ms
[profile] Finished group pass check of 1 modules in 9ms
Compiling 1 file (.ex)
[profile] lib/foo_3170.ex compiled in 712ms
[profile] Finished compilation cycle of 1 modules in 716ms
[profile] Finished group pass check of 1 modules in 8ms
Compiling 1 file (.ex)
[profile] lib/foo_3180.ex compiled in 719ms
[profile] Finished compilation cycle of 1 modules in 722ms
[profile] Finished group pass check of 1 modules in 8ms
Compiling 1 file (.ex)
[profile] lib/foo_3190.ex compiled in 705ms
[profile] Finished compilation cycle of 1 modules in 708ms
[profile] Finished group pass check of 1 modules in 10ms
Compiling 1 file (.ex)
[profile] lib/foo_3200.ex compiled in 725ms
[profile] Finished compilation cycle of 1 modules in 729ms
[profile] Finished group pass check of 1 modules in 8ms
Compiling 1 file (.ex)
[profile] lib/foo_3210.ex compiled in 833ms
[profile] Finished compilation cycle of 1 modules in 836ms
[profile] Finished group pass check of 1 modules in 8ms
Compiling 1 file (.ex)
[profile] lib/foo_3220.ex compiled in 706ms
[profile] Finished compilation cycle of 1 modules in 709ms
[profile] Finished group pass check of 1 modules in 8ms
Compiling 1 file (.ex)
[profile] lib/foo_3230.ex compiled in 890ms
[profile] Finished compilation cycle of 1 modules in 893ms
[profile] Finished group pass check of 1 modules in 10ms
Compiling 1 file (.ex)
[profile] lib/foo_3240.ex compiled in 705ms
[profile] Finished compilation cycle of 1 modules in 709ms
[profile] Finished group pass check of 1 modules in 10ms
Compiling 1 file (.ex)
[profile] lib/foo_3250.ex compiled in 721ms
[profile] Finished compilation cycle of 1 modules in 724ms
[profile] Finished group pass check of 1 modules in 8ms
Compiling 1 file (.ex)
[profile] lib/foo_3260.ex compiled in 846ms
[profile] Finished compilation cycle of 1 modules in 849ms
[profile] Finished group pass check of 1 modules in 8ms
Compiling 1 file (.ex)
[profile] lib/foo_3270.ex compiled in 741ms
[profile] Finished compilation cycle of 1 modules in 744ms
[profile] Finished group pass check of 1 modules in 9ms
Compiling 1 file (.ex)
[profile] lib/foo_3280.ex compiled in 743ms
[profile] Finished compilation cycle of 1 modules in 746ms
[profile] Finished group pass check of 1 modules in 8ms
Compiling 1 file (.ex)
[profile] lib/foo_3290.ex compiled in 733ms
[profile] Finished compilation cycle of 1 modules in 737ms
[profile] Finished group pass check of 1 modules in 10ms
Compiling 1 file (.ex)
[profile] lib/foo_3300.ex compiled in 771ms
[profile] Finished compilation cycle of 1 modules in 774ms
[profile] Finished group pass check of 1 modules in 8ms
Compiling 1 file (.ex)
[profile] lib/foo_3310.ex compiled in 752ms
[profile] Finished compilation cycle of 1 modules in 755ms
[profile] Finished group pass check of 1 modules in 8ms
Compiling 1 file (.ex)
[profile] lib/foo_3320.ex compiled in 755ms
[profile] Finished compilation cycle of 1 modules in 758ms
[profile] Finished group pass check of 1 modules in 15ms
Compiling 1 file (.ex)
[profile] lib/foo_3330.ex compiled in 775ms
[profile] Finished compilation cycle of 1 modules in 779ms
[profile] Finished group pass check of 1 modules in 9ms
Compiling 1 file (.ex)
[profile] lib/foo_3340.ex compiled in 766ms
[profile] Finished compilation cycle of 1 modules in 769ms
[profile] Finished group pass check of 1 modules in 10ms
Compiling 1 file (.ex)
[profile] lib/foo_3350.ex compiled in 766ms
[profile] Finished compilation cycle of 1 modules in 769ms
[profile] Finished group pass check of 1 modules in 9ms
Compiling 1 file (.ex)
[profile] lib/foo_3360.ex compiled in 765ms
[profile] Finished compilation cycle of 1 modules in 768ms
[profile] Finished group pass check of 1 modules in 9ms
Compiling 1 file (.ex)
[profile] lib/foo_3370.ex compiled in 769ms
[profile] Finished compilation cycle of 1 modules in 772ms
[profile] Finished group pass check of 1 modules in 10ms
Compiling 1 file (.ex)
[profile] lib/foo_3380.ex compiled in 775ms
[profile] Finished compilation cycle of 1 modules in 778ms
[profile] Finished group pass check of 1 modules in 8ms
Compiling 1 file (.ex)
[profile] lib/foo_3390.ex compiled in 815ms
[profile] Finished compilation cycle of 1 modules in 819ms
[profile] Finished group pass check of 1 modules in 9ms
Compiling 1 file (.ex)
[profile] lib/foo_3400.ex compiled in 795ms
[profile] Finished compilation cycle of 1 modules in 798ms
[profile] Finished group pass check of 1 modules in 8ms
Compiling 1 file (.ex)
[profile] lib/foo_3410.ex compiled in 776ms
[profile] Finished compilation cycle of 1 modules in 779ms
[profile] Finished group pass check of 1 modules in 9ms
Compiling 1 file (.ex)
[profile] lib/foo_3420.ex compiled in 787ms
[profile] Finished compilation cycle of 1 modules in 790ms
[profile] Finished group pass check of 1 modules in 11ms
Compiling 1 file (.ex)
[profile] lib/foo_3430.ex compiled in 871ms
[profile] Finished compilation cycle of 1 modules in 875ms
[profile] Finished group pass check of 1 modules in 9ms
Compiling 1 file (.ex)
[profile] lib/foo_3440.ex compiled in 826ms
[profile] Finished compilation cycle of 1 modules in 829ms
[profile] Finished group pass check of 1 modules in 11ms
Compiling 1 file (.ex)
[profile] lib/foo_3450.ex compiled in 917ms
[profile] Finished compilation cycle of 1 modules in 920ms
[profile] Finished group pass check of 1 modules in 11ms
Compiling 1 file (.ex)
[profile] lib/foo_3460.ex compiled in 843ms
[profile] Finished compilation cycle of 1 modules in 846ms
[profile] Finished group pass check of 1 modules in 9ms
Compiling 1 file (.ex)
[profile] lib/foo_3470.ex compiled in 943ms
[profile] Finished compilation cycle of 1 modules in 947ms
[profile] Finished group pass check of 1 modules in 12ms
Compiling 1 file (.ex)
[profile] lib/foo_3480.ex compiled in 1516ms
[profile] Finished compilation cycle of 1 modules in 1521ms
[profile] Finished group pass check of 1 modules in 12ms
Compiling 1 file (.ex)
[profile] lib/foo_3490.ex compiled in 1112ms
[profile] Finished compilation cycle of 1 modules in 1116ms
[profile] Finished group pass check of 1 modules in 14ms
Compiling 1 file (.ex)
[profile] lib/foo_3500.ex compiled in 850ms
[profile] Finished compilation cycle of 1 modules in 853ms
[profile] Finished group pass check of 1 modules in 11ms
Compiling 1 file (.ex)
[profile] lib/foo_3510.ex compiled in 912ms
[profile] Finished compilation cycle of 1 modules in 915ms
[profile] Finished group pass check of 1 modules in 9ms
Compiling 1 file (.ex)
[profile] lib/foo_3520.ex compiled in 864ms
[profile] Finished compilation cycle of 1 modules in 867ms
[profile] Finished group pass check of 1 modules in 9ms
Compiling 1 file (.ex)
[profile] lib/foo_3530.ex compiled in 765ms
[profile] Finished compilation cycle of 1 modules in 769ms
[profile] Finished group pass check of 1 modules in 9ms
Compiling 1 file (.ex)
[profile] lib/foo_3540.ex compiled in 888ms
[profile] Finished compilation cycle of 1 modules in 892ms
[profile] Finished group pass check of 1 modules in 11ms
Compiling 1 file (.ex)
[profile] lib/foo_3550.ex compiled in 856ms
[profile] Finished compilation cycle of 1 modules in 859ms
[profile] Finished group pass check of 1 modules in 9ms
Compiling 1 file (.ex)
[profile] lib/foo_3560.ex compiled in 853ms
[profile] Finished compilation cycle of 1 modules in 856ms
[profile] Finished group pass check of 1 modules in 9ms
Compiling 1 file (.ex)
[profile] lib/foo_3570.ex compiled in 912ms
[profile] Finished compilation cycle of 1 modules in 915ms
[profile] Finished group pass check of 1 modules in 9ms
Compiling 1 file (.ex)
[profile] lib/foo_3580.ex compiled in 858ms
[profile] Finished compilation cycle of 1 modules in 861ms
[profile] Finished group pass check of 1 modules in 11ms
Compiling 1 file (.ex)
[profile] lib/foo_3590.ex compiled in 870ms
[profile] Finished compilation cycle of 1 modules in 874ms
[profile] Finished group pass check of 1 modules in 9ms
Compiling 1 file (.ex)
[profile] lib/foo_3600.ex compiled in 1019ms
[profile] Finished compilation cycle of 1 modules in 1023ms
[profile] Finished group pass check of 1 modules in 9ms
Compiling 1 file (.ex)
[profile] lib/foo_3610.ex compiled in 876ms
[profile] Finished compilation cycle of 1 modules in 879ms
[profile] Finished group pass check of 1 modules in 12ms
Compiling 1 file (.ex)
[profile] lib/foo_3620.ex compiled in 868ms
[profile] Finished compilation cycle of 1 modules in 871ms
[profile] Finished group pass check of 1 modules in 11ms
Compiling 1 file (.ex)
[profile] lib/foo_3630.ex compiled in 967ms
[profile] Finished compilation cycle of 1 modules in 970ms
[profile] Finished group pass check of 1 modules in 10ms
Compiling 1 file (.ex)
[profile] lib/foo_3640.ex compiled in 883ms
[profile] Finished compilation cycle of 1 modules in 886ms
[profile] Finished group pass check of 1 modules in 10ms
Compiling 1 file (.ex)
[profile] lib/foo_3650.ex compiled in 949ms
[profile] Finished compilation cycle of 1 modules in 952ms
[profile] Finished group pass check of 1 modules in 9ms
Compiling 1 file (.ex)
[profile] lib/foo_3660.ex compiled in 900ms
[profile] Finished compilation cycle of 1 modules in 904ms
[profile] Finished group pass check of 1 modules in 10ms
Compiling 1 file (.ex)
[profile] lib/foo_3670.ex compiled in 1103ms
[profile] Finished compilation cycle of 1 modules in 1106ms
[profile] Finished group pass check of 1 modules in 12ms
Compiling 1 file (.ex)
[profile] lib/foo_3680.ex compiled in 1092ms
[profile] Finished compilation cycle of 1 modules in 1097ms
[profile] Finished group pass check of 1 modules in 13ms
Compiling 1 file (.ex)
[profile] lib/foo_3690.ex compiled in 909ms
[profile] Finished compilation cycle of 1 modules in 912ms
[profile] Finished group pass check of 1 modules in 9ms
Compiling 1 file (.ex)
[profile] lib/foo_3700.ex compiled in 921ms
[profile] Finished compilation cycle of 1 modules in 924ms
[profile] Finished group pass check of 1 modules in 9ms
Compiling 1 file (.ex)
[profile] lib/foo_3710.ex compiled in 1012ms
[profile] Finished compilation cycle of 1 modules in 1015ms
[profile] Finished group pass check of 1 modules in 10ms
Compiling 1 file (.ex)
[profile] lib/foo_3720.ex compiled in 949ms
[profile] Finished compilation cycle of 1 modules in 952ms
[profile] Finished group pass check of 1 modules in 10ms
Compiling 1 file (.ex)
[profile] lib/foo_3730.ex compiled in 1008ms
[profile] Finished compilation cycle of 1 modules in 1012ms
[profile] Finished group pass check of 1 modules in 9ms
Compiling 1 file (.ex)
[profile] lib/foo_3740.ex compiled in 959ms
[profile] Finished compilation cycle of 1 modules in 962ms
[profile] Finished group pass check of 1 modules in 10ms
Compiling 1 file (.ex)
[profile] lib/foo_3750.ex compiled in 969ms
[profile] Finished compilation cycle of 1 modules in 972ms
[profile] Finished group pass check of 1 modules in 11ms
Compiling 1 file (.ex)
[profile] lib/foo_3760.ex compiled in 981ms
[profile] Finished compilation cycle of 1 modules in 984ms
[profile] Finished group pass check of 1 modules in 9ms
Compiling 1 file (.ex)
[profile] lib/foo_3770.ex compiled in 2187ms
[profile] Finished compilation cycle of 1 modules in 2191ms
[profile] Finished group pass check of 1 modules in 13ms
Compiling 1 file (.ex)
[profile] lib/foo_3780.ex compiled in 1086ms
[profile] Finished compilation cycle of 1 modules in 1089ms
[profile] Finished group pass check of 1 modules in 11ms
Compiling 1 file (.ex)
[profile] lib/foo_3790.ex compiled in 1093ms
[profile] Finished compilation cycle of 1 modules in 1098ms
[profile] Finished group pass check of 1 modules in 13ms
Compiling 1 file (.ex)
[profile] lib/foo_3800.ex compiled in 1305ms
[profile] Finished compilation cycle of 1 modules in 1309ms
[profile] Finished group pass check of 1 modules in 26ms
Compiling 1 file (.ex)
[profile] lib/foo_3810.ex compiled in 1028ms
[profile] Finished compilation cycle of 1 modules in 1031ms
[profile] Finished group pass check of 1 modules in 10ms
Compiling 1 file (.ex)
[profile] lib/foo_3820.ex compiled in 945ms
[profile] Finished compilation cycle of 1 modules in 948ms
[profile] Finished group pass check of 1 modules in 14ms
Compiling 1 file (.ex)
[profile] lib/foo_3830.ex compiled in 1363ms
[profile] Finished compilation cycle of 1 modules in 1369ms
[profile] Finished group pass check of 1 modules in 19ms
Compiling 1 file (.ex)
[profile] lib/foo_3840.ex compiled in 1284ms
[profile] Finished compilation cycle of 1 modules in 1287ms
[profile] Finished group pass check of 1 modules in 15ms
Compiling 1 file (.ex)
[profile] lib/foo_3850.ex compiled in 1209ms
[profile] Finished compilation cycle of 1 modules in 1212ms
[profile] Finished group pass check of 1 modules in 10ms
Compiling 1 file (.ex)
[profile] lib/foo_3860.ex compiled in 1605ms
[profile] Finished compilation cycle of 1 modules in 1608ms
[profile] Finished group pass check of 1 modules in 10ms
Compiling 1 file (.ex)
[profile] lib/foo_3870.ex compiled in 989ms
[profile] Finished compilation cycle of 1 modules in 992ms
[profile] Finished group pass check of 1 modules in 14ms
Compiling 1 file (.ex)
[profile] lib/foo_3880.ex compiled in 930ms
[profile] Finished compilation cycle of 1 modules in 933ms
[profile] Finished group pass check of 1 modules in 10ms
Compiling 1 file (.ex)
[profile] lib/foo_3890.ex compiled in 1000ms
[profile] Finished compilation cycle of 1 modules in 1004ms
[profile] Finished group pass check of 1 modules in 11ms
Compiling 1 file (.ex)
[profile] lib/foo_3900.ex compiled in 944ms
[profile] Finished compilation cycle of 1 modules in 947ms
[profile] Finished group pass check of 1 modules in 11ms
Compiling 1 file (.ex)
[profile] lib/foo_3910.ex compiled in 1027ms
[profile] Finished compilation cycle of 1 modules in 1030ms
[profile] Finished group pass check of 1 modules in 12ms
Compiling 1 file (.ex)
[profile] lib/foo_3920.ex compiled in 995ms
[profile] Finished compilation cycle of 1 modules in 998ms
[profile] Finished group pass check of 1 modules in 10ms
Compiling 1 file (.ex)
[profile] lib/foo_3930.ex compiled in 1009ms
[profile] Finished compilation cycle of 1 modules in 1012ms
[profile] Finished group pass check of 1 modules in 11ms
Compiling 1 file (.ex)
[profile] lib/foo_3940.ex compiled in 1437ms
[profile] Finished compilation cycle of 1 modules in 1441ms
[profile] Finished group pass check of 1 modules in 16ms
Compiling 1 file (.ex)
[profile] lib/foo_3950.ex compiled in 1357ms
[profile] Finished compilation cycle of 1 modules in 1361ms
[profile] Finished group pass check of 1 modules in 13ms
Compiling 1 file (.ex)
[profile] lib/foo_3960.ex compiled in 1095ms
[profile] Finished compilation cycle of 1 modules in 1099ms
[profile] Finished group pass check of 1 modules in 10ms
Compiling 1 file (.ex)
[profile] lib/foo_3970.ex compiled in 1043ms
[profile] Finished compilation cycle of 1 modules in 1046ms
[profile] Finished group pass check of 1 modules in 11ms
Compiling 1 file (.ex)
[profile] lib/foo_3980.ex compiled in 1056ms
[profile] Finished compilation cycle of 1 modules in 1059ms
[profile] Finished group pass check of 1 modules in 10ms
Compiling 1 file (.ex)
[profile] lib/foo_3990.ex compiled in 1026ms
[profile] Finished compilation cycle of 1 modules in 1029ms
[profile] Finished group pass check of 1 modules in 10ms
Compiling 1 file (.ex)
[profile] lib/foo_4000.ex compiled in 953ms
[profile] Finished compilation cycle of 1 modules in 956ms
[profile] Finished group pass check of 1 modules in 10ms
Compiling 1 file (.ex)
[profile] lib/foo_4010.ex compiled in 1011ms
[profile] Finished compilation cycle of 1 modules in 1016ms
[profile] Finished group pass check of 1 modules in 13ms
Compiling 1 file (.ex)
[profile] lib/foo_4020.ex compiled in 1435ms
[profile] Finished compilation cycle of 1 modules in 1438ms
[profile] Finished group pass check of 1 modules in 14ms
Compiling 1 file (.ex)
[profile] lib/foo_4030.ex compiled in 1296ms
[profile] Finished compilation cycle of 1 modules in 1300ms
[profile] Finished group pass check of 1 modules in 11ms
Compiling 1 file (.ex)
[profile] lib/foo_4040.ex compiled in 1260ms
[profile] Finished compilation cycle of 1 modules in 1263ms
[profile] Finished group pass check of 1 modules in 10ms
Compiling 1 file (.ex)
[profile] lib/foo_4050.ex compiled in 1572ms
[profile] Finished compilation cycle of 1 modules in 1584ms
[profile] Finished group pass check of 1 modules in 53ms
Compiling 1 file (.ex)
[profile] lib/foo_4060.ex compiled in 2079ms
[profile] Finished compilation cycle of 1 modules in 2085ms
[profile] Finished group pass check of 1 modules in 31ms
Compiling 1 file (.ex)
[profile] lib/foo_4070.ex compiled in 3304ms
[profile] Finished compilation cycle of 1 modules in 3318ms
[profile] Finished group pass check of 1 modules in 47ms
Compiling 1 file (.ex)
[profile] lib/foo_4080.ex compiled in 3124ms
[profile] Finished compilation cycle of 1 modules in 3130ms
[profile] Finished group pass check of 1 modules in 30ms
Compiling 1 file (.ex)
[profile] lib/foo_4090.ex compiled in 1003ms
[profile] Finished compilation cycle of 1 modules in 1006ms
[profile] Finished group pass check of 1 modules in 12ms
Compiling 1 file (.ex)
[profile] lib/foo_4100.ex compiled in 1004ms
[profile] Finished compilation cycle of 1 modules in 1008ms
[profile] Finished group pass check of 1 modules in 12ms
Compiling 1 file (.ex)
[profile] lib/foo_4110.ex compiled in 1127ms
[profile] Finished compilation cycle of 1 modules in 1131ms
[profile] Finished group pass check of 1 modules in 14ms
Compiling 1 file (.ex)
[profile] lib/foo_4120.ex compiled in 2329ms
[profile] Finished compilation cycle of 1 modules in 2333ms
[profile] Finished group pass check of 1 modules in 12ms
Compiling 1 file (.ex)
[profile] lib/foo_4130.ex compiled in 1667ms
[profile] Finished compilation cycle of 1 modules in 1671ms
[profile] Finished group pass check of 1 modules in 15ms
Compiling 1 file (.ex)
[profile] lib/foo_4140.ex compiled in 2113ms
[profile] Finished compilation cycle of 1 modules in 2117ms
[profile] Finished group pass check of 1 modules in 28ms
Compiling 1 file (.ex)
[profile] lib/foo_4150.ex compiled in 1394ms
[profile] Finished compilation cycle of 1 modules in 1397ms
[profile] Finished group pass check of 1 modules in 12ms
Compiling 1 file (.ex)
[profile] lib/foo_4160.ex compiled in 1320ms
[profile] Finished compilation cycle of 1 modules in 1323ms
[profile] Finished group pass check of 1 modules in 10ms
Compiling 1 file (.ex)
[profile] lib/foo_4170.ex compiled in 1295ms
[profile] Finished compilation cycle of 1 modules in 1299ms
[profile] Finished group pass check of 1 modules in 11ms
Compiling 1 file (.ex)
[profile] lib/foo_4180.ex compiled in 1759ms
[profile] Finished compilation cycle of 1 modules in 1768ms
[profile] Finished group pass check of 1 modules in 23ms
Compiling 1 file (.ex)
[profile] lib/foo_4190.ex compiled in 1086ms
[profile] Finished compilation cycle of 1 modules in 1090ms
[profile] Finished group pass check of 1 modules in 10ms
Compiling 1 file (.ex)
[profile] lib/foo_4200.ex compiled in 1249ms
[profile] Finished compilation cycle of 1 modules in 1252ms
[profile] Finished group pass check of 1 modules in 14ms
Compiling 1 file (.ex)
[profile] lib/foo_4210.ex compiled in 1263ms
[profile] Finished compilation cycle of 1 modules in 1266ms
[profile] Finished group pass check of 1 modules in 12ms
Compiling 1 file (.ex)
[profile] lib/foo_4220.ex compiled in 1226ms
[profile] Finished compilation cycle of 1 modules in 1229ms
[profile] Finished group pass check of 1 modules in 11ms
Compiling 1 file (.ex)
[profile] lib/foo_4230.ex compiled in 1985ms
[profile] Finished compilation cycle of 1 modules in 1993ms
[profile] Finished group pass check of 1 modules in 42ms
Compiling 1 file (.ex)
[profile] lib/foo_4240.ex compiled in 1670ms
[profile] Finished compilation cycle of 1 modules in 1673ms
[profile] Finished group pass check of 1 modules in 11ms
Compiling 1 file (.ex)
[profile] lib/foo_4250.ex compiled in 3093ms
[profile] Finished compilation cycle of 1 modules in 3098ms
[profile] Finished group pass check of 1 modules in 19ms
Compiling 1 file (.ex)
[profile] lib/foo_4260.ex compiled in 1757ms
[profile] Finished compilation cycle of 1 modules in 1761ms
[profile] Finished group pass check of 1 modules in 13ms
Compiling 1 file (.ex)
[profile] lib/foo_4270.ex compiled in 1163ms
[profile] Finished compilation cycle of 1 modules in 1166ms
[profile] Finished group pass check of 1 modules in 11ms
Compiling 1 file (.ex)
[profile] lib/foo_4280.ex compiled in 1217ms
[profile] Finished compilation cycle of 1 modules in 1221ms
[profile] Finished group pass check of 1 modules in 11ms
Compiling 1 file (.ex)
[profile] lib/foo_4290.ex compiled in 1218ms
[profile] Finished compilation cycle of 1 modules in 1222ms
[profile] Finished group pass check of 1 modules in 10ms
Compiling 1 file (.ex)
[profile] lib/foo_4300.ex compiled in 1103ms
[profile] Finished compilation cycle of 1 modules in 1106ms
[profile] Finished group pass check of 1 modules in 12ms
Compiling 1 file (.ex)
[profile] lib/foo_4310.ex compiled in 1999ms
[profile] Finished compilation cycle of 1 modules in 2003ms
[profile] Finished group pass check of 1 modules in 11ms
Compiling 1 file (.ex)
[profile] lib/foo_4320.ex compiled in 1410ms
[profile] Finished compilation cycle of 1 modules in 1413ms
[profile] Finished group pass check of 1 modules in 13ms
Compiling 1 file (.ex)
[profile] lib/foo_4330.ex compiled in 2548ms
[profile] Finished compilation cycle of 1 modules in 2552ms
[profile] Finished group pass check of 1 modules in 18ms
Compiling 1 file (.ex)
[profile] lib/foo_4340.ex compiled in 2347ms
[profile] Finished compilation cycle of 1 modules in 2352ms
[profile] Finished group pass check of 1 modules in 17ms
Compiling 1 file (.ex)
[profile] lib/foo_4350.ex compiled in 1316ms
[profile] Finished compilation cycle of 1 modules in 1319ms
[profile] Finished group pass check of 1 modules in 10ms
Compiling 1 file (.ex)
[profile] lib/foo_4360.ex compiled in 1169ms
[profile] Finished compilation cycle of 1 modules in 1172ms
[profile] Finished group pass check of 1 modules in 12ms
Compiling 1 file (.ex)
[profile] lib/foo_4370.ex compiled in 1098ms
[profile] Finished compilation cycle of 1 modules in 1102ms
[profile] Finished group pass check of 1 modules in 11ms
Compiling 1 file (.ex)
[profile] lib/foo_4380.ex compiled in 1218ms
[profile] Finished compilation cycle of 1 modules in 1221ms
[profile] Finished group pass check of 1 modules in 14ms
Compiling 1 file (.ex)
[profile] lib/foo_4390.ex compiled in 1242ms
[profile] Finished compilation cycle of 1 modules in 1245ms
[profile] Finished group pass check of 1 modules in 14ms
Compiling 1 file (.ex)
[profile] lib/foo_4400.ex compiled in 1159ms
[profile] Finished compilation cycle of 1 modules in 1162ms
[profile] Finished group pass check of 1 modules in 11ms
Compiling 1 file (.ex)
[profile] lib/foo_4410.ex compiled in 1158ms
[profile] Finished compilation cycle of 1 modules in 1162ms
[profile] Finished group pass check of 1 modules in 16ms
Compiling 1 file (.ex)
[profile] lib/foo_4420.ex compiled in 1150ms
[profile] Finished compilation cycle of 1 modules in 1154ms
[profile] Finished group pass check of 1 modules in 13ms
Compiling 1 file (.ex)
[profile] lib/foo_4430.ex compiled in 1802ms
[profile] Finished compilation cycle of 1 modules in 1806ms
[profile] Finished group pass check of 1 modules in 18ms
Compiling 1 file (.ex)
[profile] lib/foo_4440.ex compiled in 1902ms
[profile] Finished compilation cycle of 1 modules in 1905ms
[profile] Finished group pass check of 1 modules in 13ms
Compiling 1 file (.ex)
[profile] lib/foo_4450.ex compiled in 1467ms
[profile] Finished compilation cycle of 1 modules in 1470ms
[profile] Finished group pass check of 1 modules in 12ms
Compiling 1 file (.ex)
[profile] lib/foo_4460.ex compiled in 1168ms
[profile] Finished compilation cycle of 1 modules in 1171ms
[profile] Finished group pass check of 1 modules in 11ms
Compiling 1 file (.ex)
[profile] lib/foo_4470.ex compiled in 1428ms
[profile] Finished compilation cycle of 1 modules in 1431ms
[profile] Finished group pass check of 1 modules in 15ms
Compiling 1 file (.ex)
[profile] lib/foo_4480.ex compiled in 1224ms
[profile] Finished compilation cycle of 1 modules in 1227ms
[profile] Finished group pass check of 1 modules in 11ms
Compiling 1 file (.ex)
[profile] lib/foo_4490.ex compiled in 1226ms
[profile] Finished compilation cycle of 1 modules in 1229ms
[profile] Finished group pass check of 1 modules in 13ms
Compiling 1 file (.ex)
[profile] lib/foo_4500.ex compiled in 1175ms
[profile] Finished compilation cycle of 1 modules in 1178ms
[profile] Finished group pass check of 1 modules in 11ms
Compiling 1 file (.ex)
[profile] lib/foo_4510.ex compiled in 1147ms
[profile] Finished compilation cycle of 1 modules in 1151ms
[profile] Finished group pass check of 1 modules in 12ms
Compiling 1 file (.ex)
[profile] lib/foo_4520.ex compiled in 1161ms
[profile] Finished compilation cycle of 1 modules in 1165ms
[profile] Finished group pass check of 1 modules in 11ms
Compiling 1 file (.ex)
[profile] lib/foo_4530.ex compiled in 1173ms
[profile] Finished compilation cycle of 1 modules in 1176ms
[profile] Finished group pass check of 1 modules in 13ms
Compiling 1 file (.ex)
[profile] lib/foo_4540.ex compiled in 1222ms
[profile] Finished compilation cycle of 1 modules in 1226ms
[profile] Finished group pass check of 1 modules in 11ms
Compiling 1 file (.ex)
[profile] lib/foo_4550.ex compiled in 1204ms
[profile] Finished compilation cycle of 1 modules in 1208ms
[profile] Finished group pass check of 1 modules in 13ms
Compiling 1 file (.ex)
[profile] lib/foo_4560.ex compiled in 1201ms
[profile] Finished compilation cycle of 1 modules in 1204ms
[profile] Finished group pass check of 1 modules in 13ms
Compiling 1 file (.ex)
[profile] lib/foo_4570.ex compiled in 1299ms
[profile] Finished compilation cycle of 1 modules in 1302ms
[profile] Finished group pass check of 1 modules in 11ms
Compiling 1 file (.ex)
[profile] lib/foo_4580.ex compiled in 1258ms
[profile] Finished compilation cycle of 1 modules in 1261ms
[profile] Finished group pass check of 1 modules in 12ms
Compiling 1 file (.ex)
[profile] lib/foo_4590.ex compiled in 1316ms
[profile] Finished compilation cycle of 1 modules in 1319ms
[profile] Finished group pass check of 1 modules in 14ms
Compiling 1 file (.ex)
[profile] lib/foo_4600.ex compiled in 1256ms
[profile] Finished compilation cycle of 1 modules in 1259ms
[profile] Finished group pass check of 1 modules in 13ms
Compiling 1 file (.ex)
[profile] lib/foo_4610.ex compiled in 1493ms
[profile] Finished compilation cycle of 1 modules in 1496ms
[profile] Finished group pass check of 1 modules in 12ms
Compiling 1 file (.ex)
[profile] lib/foo_4620.ex compiled in 1314ms
[profile] Finished compilation cycle of 1 modules in 1317ms
[profile] Finished group pass check of 1 modules in 14ms
Compiling 1 file (.ex)
[profile] lib/foo_4630.ex compiled in 1315ms
[profile] Finished compilation cycle of 1 modules in 1318ms
[profile] Finished group pass check of 1 modules in 13ms
Compiling 1 file (.ex)
[profile] lib/foo_4640.ex compiled in 1271ms
[profile] Finished compilation cycle of 1 modules in 1274ms
[profile] Finished group pass check of 1 modules in 12ms
Compiling 1 file (.ex)
[profile] lib/foo_4650.ex compiled in 1232ms
[profile] Finished compilation cycle of 1 modules in 1235ms
[profile] Finished group pass check of 1 modules in 12ms
Compiling 1 file (.ex)
[profile] lib/foo_4660.ex compiled in 1369ms
[profile] Finished compilation cycle of 1 modules in 1372ms
[profile] Finished group pass check of 1 modules in 14ms
Compiling 1 file (.ex)
[profile] lib/foo_4670.ex compiled in 1303ms
[profile] Finished compilation cycle of 1 modules in 1306ms
[profile] Finished group pass check of 1 modules in 15ms
Compiling 1 file (.ex)
[profile] lib/foo_4680.ex compiled in 1310ms
[profile] Finished compilation cycle of 1 modules in 1314ms
[profile] Finished group pass check of 1 modules in 15ms
Compiling 1 file (.ex)
[profile] lib/foo_4690.ex compiled in 1290ms
[profile] Finished compilation cycle of 1 modules in 1293ms
[profile] Finished group pass check of 1 modules in 12ms
Compiling 1 file (.ex)
[profile] lib/foo_4700.ex compiled in 1366ms
[profile] Finished compilation cycle of 1 modules in 1371ms
[profile] Finished group pass check of 1 modules in 19ms
Compiling 1 file (.ex)
[profile] lib/foo_4710.ex compiled in 1343ms
[profile] Finished compilation cycle of 1 modules in 1347ms
[profile] Finished group pass check of 1 modules in 15ms
Compiling 1 file (.ex)
[profile] lib/foo_4720.ex compiled in 1322ms
[profile] Finished compilation cycle of 1 modules in 1325ms
[profile] Finished group pass check of 1 modules in 14ms
Compiling 1 file (.ex)
[profile] lib/foo_4730.ex compiled in 1426ms
[profile] Finished compilation cycle of 1 modules in 1429ms
[profile] Finished group pass check of 1 modules in 12ms
Compiling 1 file (.ex)
[profile] lib/foo_4740.ex compiled in 1292ms
[profile] Finished compilation cycle of 1 modules in 1295ms
[profile] Finished group pass check of 1 modules in 13ms
Compiling 1 file (.ex)
[profile] lib/foo_4750.ex compiled in 1341ms
[profile] Finished compilation cycle of 1 modules in 1344ms
[profile] Finished group pass check of 1 modules in 12ms
Compiling 1 file (.ex)
[profile] lib/foo_4760.ex compiled in 1303ms
[profile] Finished compilation cycle of 1 modules in 1306ms
[profile] Finished group pass check of 1 modules in 13ms
Compiling 1 file (.ex)
[profile] lib/foo_4770.ex compiled in 1400ms
[profile] Finished compilation cycle of 1 modules in 1403ms
[profile] Finished group pass check of 1 modules in 13ms
Compiling 1 file (.ex)
[profile] lib/foo_4780.ex compiled in 1258ms
[profile] Finished compilation cycle of 1 modules in 1261ms
[profile] Finished group pass check of 1 modules in 12ms
Compiling 1 file (.ex)
[profile] lib/foo_4790.ex compiled in 1384ms
[profile] Finished compilation cycle of 1 modules in 1387ms
[profile] Finished group pass check of 1 modules in 14ms
Compiling 1 file (.ex)
[profile] lib/foo_4800.ex compiled in 1401ms
[profile] Finished compilation cycle of 1 modules in 1404ms
[profile] Finished group pass check of 1 modules in 13ms
Compiling 1 file (.ex)
[profile] lib/foo_4810.ex compiled in 1286ms
[profile] Finished compilation cycle of 1 modules in 1289ms
[profile] Finished group pass check of 1 modules in 14ms
Compiling 1 file (.ex)
[profile] lib/foo_4820.ex compiled in 1352ms
[profile] Finished compilation cycle of 1 modules in 1356ms
[profile] Finished group pass check of 1 modules in 14ms
Compiling 1 file (.ex)
[profile] lib/foo_4830.ex compiled in 1347ms
[profile] Finished compilation cycle of 1 modules in 1351ms
[profile] Finished group pass check of 1 modules in 13ms
Compiling 1 file (.ex)
[profile] lib/foo_4840.ex compiled in 1409ms
[profile] Finished compilation cycle of 1 modules in 1412ms
[profile] Finished group pass check of 1 modules in 13ms
Compiling 1 file (.ex)
[profile] lib/foo_4850.ex compiled in 1379ms
[profile] Finished compilation cycle of 1 modules in 1382ms
[profile] Finished group pass check of 1 modules in 15ms
Compiling 1 file (.ex)
[profile] lib/foo_4860.ex compiled in 1286ms
[profile] Finished compilation cycle of 1 modules in 1289ms
[profile] Finished group pass check of 1 modules in 15ms
Compiling 1 file (.ex)
[profile] lib/foo_4870.ex compiled in 1335ms
[profile] Finished compilation cycle of 1 modules in 1338ms
[profile] Finished group pass check of 1 modules in 13ms
Compiling 1 file (.ex)
[profile] lib/foo_4880.ex compiled in 1416ms
[profile] Finished compilation cycle of 1 modules in 1419ms
[profile] Finished group pass check of 1 modules in 14ms
Compiling 1 file (.ex)
[profile] lib/foo_4890.ex compiled in 1371ms
[profile] Finished compilation cycle of 1 modules in 1374ms
[profile] Finished group pass check of 1 modules in 13ms
Compiling 1 file (.ex)
[profile] lib/foo_4900.ex compiled in 1369ms
[profile] Finished compilation cycle of 1 modules in 1372ms
[profile] Finished group pass check of 1 modules in 13ms
Compiling 1 file (.ex)
[profile] lib/foo_4910.ex compiled in 1401ms
[profile] Finished compilation cycle of 1 modules in 1404ms
[profile] Finished group pass check of 1 modules in 13ms
Compiling 1 file (.ex)
[profile] lib/foo_4920.ex compiled in 1417ms
[profile] Finished compilation cycle of 1 modules in 1420ms
[profile] Finished group pass check of 1 modules in 13ms
Compiling 1 file (.ex)
[profile] lib/foo_4930.ex compiled in 1368ms
[profile] Finished compilation cycle of 1 modules in 1373ms
[profile] Finished group pass check of 1 modules in 15ms
Compiling 1 file (.ex)
[profile] lib/foo_4940.ex compiled in 1386ms
[profile] Finished compilation cycle of 1 modules in 1389ms
[profile] Finished group pass check of 1 modules in 14ms
Compiling 1 file (.ex)
[profile] lib/foo_4950.ex compiled in 1425ms
[profile] Finished compilation cycle of 1 modules in 1428ms
[profile] Finished group pass check of 1 modules in 14ms
Compiling 1 file (.ex)
[profile] lib/foo_4960.ex compiled in 1470ms
[profile] Finished compilation cycle of 1 modules in 1474ms
[profile] Finished group pass check of 1 modules in 13ms
Compiling 1 file (.ex)
[profile] lib/foo_4970.ex compiled in 1478ms
[profile] Finished compilation cycle of 1 modules in 1481ms
[profile] Finished group pass check of 1 modules in 13ms
Compiling 1 file (.ex)
[profile] lib/foo_4980.ex compiled in 1483ms
[profile] Finished compilation cycle of 1 modules in 1486ms
[profile] Finished group pass check of 1 modules in 16ms
Compiling 1 file (.ex)
[profile] lib/foo_4990.ex compiled in 1386ms
[profile] Finished compilation cycle of 1 modules in 1390ms
[profile] Finished group pass check of 1 modules in 14ms
Compiling 1 file (.ex)
[profile] lib/foo_5000.ex compiled in 1554ms
[profile] Finished compilation cycle of 1 modules in 1558ms
[profile] Finished group pass check of 1 modules in 13ms
