Compiling 501 files (.ex)
[profile] lib/foo_690.ex compiled in 323ms
[profile] lib/foo_820.ex compiled in 429ms
[profile] lib/foo_1320.ex compiled in 886ms
[profile] lib/foo_1930.ex compiled in 1646ms
[profile] lib/foo_2380.ex compiled in 1926ms
[profile] lib/foo_320.ex compiled in 154ms
[profile] lib/foo_30.ex compiled in 62ms
[profile] lib/foo_2430.ex compiled in 2014ms
[profile] lib/foo_2790.ex compiled in 2486ms
[profile] lib/foo_3020.ex compiled in 2673ms
[profile] lib/foo_1650.ex compiled in 1134ms
[profile] lib/foo_2720.ex compiled in 2376ms
[profile] lib/foo_3590.ex compiled in 3244ms
[profile] lib/foo_1940.ex compiled in 1325ms
[profile] lib/foo_1630.ex compiled in 1109ms
[profile] lib/foo_1220.ex compiled in 732ms
[profile] lib/foo_2610.ex compiled in 1933ms
[profile] lib/foo_1210.ex compiled in 662ms
[profile] lib/foo_740.ex compiled in 346ms
[profile] lib/foo_4900.ex compiled in 4569ms
[profile] lib/foo_1560.ex compiled in 1235ms
[profile] lib/foo_1110.ex compiled in 827ms
[profile] lib/foo_1460.ex compiled in 1184ms
[profile] lib/foo_700.ex compiled in 276ms
[profile] lib/foo_2710.ex compiled in 2336ms
[profile] lib/foo_1530.ex compiled in 1099ms
[profile] lib/foo_4230.ex compiled in 4223ms
[profile] lib/foo_1180.ex compiled in 896ms
[profile] lib/foo_2840.ex compiled in 2972ms
[profile] lib/foo_1370.ex compiled in 872ms
[profile] lib/foo_4910.ex compiled in 5103ms
[profile] lib/foo_2940.ex compiled in 2794ms
[profile] lib/foo_2770.ex compiled in 3049ms
[profile] lib/foo_120.ex compiled in 113ms
[profile] lib/foo_1580.ex compiled in 1376ms
[profile] lib/foo_3340.ex compiled in 3603ms
[profile] lib/foo_1060.ex compiled in 927ms
[profile] lib/foo_4410.ex compiled in 5532ms
[profile] lib/foo_2500.ex compiled in 2773ms
[profile] lib/foo_920.ex compiled in 840ms
[profile] lib/foo_2560.ex compiled in 2454ms
[profile] lib/foo_3990.ex compiled in 4969ms
[profile] lib/foo_3980.ex compiled in 5182ms
[profile] lib/foo_3540.ex compiled in 4414ms
[profile] lib/foo_2890.ex compiled in 3394ms
[profile] lib/foo_730.ex compiled in 492ms
[profile] lib/foo_790.ex compiled in 400ms
[profile] lib/foo_3140.ex compiled in 3842ms
[profile] lib/foo_480.ex compiled in 238ms
[profile] lib/foo_360.ex compiled in 232ms
[profile] lib/foo_3690.ex compiled in 4820ms
[profile] lib/foo_4300.ex compiled in 5341ms
[profile] lib/foo_570.ex compiled in 311ms
[profile] lib/foo_3560.ex compiled in 4477ms
[profile] lib/foo_2360.ex compiled in 2692ms
[profile] lib/foo_310.ex compiled in 132ms
[profile] lib/foo_1850.ex compiled in 1520ms
[profile] lib/foo_3000.ex compiled in 3222ms
[profile] lib/foo_4610.ex compiled in 6915ms
[profile] lib/foo_4130.ex compiled in 5637ms
[profile] lib/foo_1300.ex compiled in 1149ms
[profile] lib/foo_1840.ex compiled in 1627ms
[profile] lib/foo_1420.ex compiled in 1135ms
[profile] lib/foo_220.ex compiled in 128ms
[profile] lib/foo_1640.ex compiled in 1542ms
[profile] lib/foo_4540.ex compiled in 5790ms
[profile] lib/foo_230.ex compiled in 244ms
[profile] lib/foo_3290.ex compiled in 3300ms
[profile] lib/foo_1960.ex compiled in 1739ms
[profile] lib/foo_3230.ex compiled in 3293ms
[profile] lib/foo_750.ex compiled in 555ms
[profile] lib/foo_1440.ex compiled in 1466ms
[profile] lib/foo_1520.ex compiled in 1649ms
[profile] lib/foo_2550.ex compiled in 2750ms
[profile] lib/foo_3930.ex compiled in 5179ms
[profile] lib/foo_600.ex compiled in 332ms
[profile] lib/foo_430.ex compiled in 237ms
[profile] lib/foo_2680.ex compiled in 2848ms
[profile] lib/foo_2010.ex compiled in 1820ms
[profile] lib/foo_810.ex compiled in 472ms
[profile] lib/foo_4200.ex compiled in 5219ms
[profile] lib/foo_2960.ex compiled in 2688ms
[profile] lib/foo_3600.ex compiled in 4161ms
[profile] lib/foo_500.ex compiled in 337ms
[profile] lib/foo_1750.ex compiled in 1636ms
[profile] lib/foo_4280.ex compiled in 5355ms
[profile] lib/foo_520.ex compiled in 411ms
[profile] lib/foo_2660.ex compiled in 2638ms
[profile] lib/foo_3830.ex compiled in 4645ms
[profile] lib/foo_2150.ex compiled in 2375ms
[profile] lib/foo_2390.ex compiled in 2572ms
[profile] lib/foo_3730.ex compiled in 4804ms
[profile] lib/foo_400.ex compiled in 202ms
[profile] lib/foo_1410.ex compiled in 1057ms
[profile] lib/foo_3750.ex compiled in 3812ms
[profile] lib/foo_4330.ex compiled in 7125ms
[profile] lib/foo_3710.ex compiled in 5229ms
[profile] lib/foo_2760.ex compiled in 2333ms
[profile] lib/foo_4270.ex compiled in 6007ms
[profile] lib/foo_1600.ex compiled in 1692ms
[profile] lib/foo_880.ex compiled in 724ms
[profile] lib/foo_1020.ex compiled in 830ms
[profile] lib/foo_2640.ex compiled in 2740ms
[profile] lib/foo_2420.ex compiled in 2635ms
[profile] lib/foo_3760.ex compiled in 4728ms
[profile] lib/foo_4460.ex compiled in 5527ms
[profile] lib/foo_370.ex compiled in 190ms
[profile] lib/foo_2220.ex compiled in 2200ms
[profile] lib/foo_680.ex compiled in 419ms
[profile] lib/foo_4950.ex compiled in 6488ms
[profile] lib/foo_3820.ex compiled in 5143ms
[profile] lib/foo_4770.ex compiled in 5752ms
[profile] lib/foo_3770.ex compiled in 5704ms
[profile] lib/foo_3640.ex compiled in 4162ms
[profile] lib/foo_4080.ex compiled in 4439ms
[profile] lib/foo_60.ex compiled in 95ms
[profile] lib/foo_2570.ex compiled in 2612ms
[profile] lib/foo_4090.ex compiled in 5144ms
[profile] lib/foo_3160.ex compiled in 3299ms
[profile] lib/foo_4380.ex compiled in 6223ms
[profile] lib/foo_3780.ex compiled in 4146ms
[profile] lib/foo_1330.ex compiled in 1308ms
[profile] lib/foo_960.ex compiled in 863ms
[profile] lib/foo_3320.ex compiled in 4093ms
[profile] lib/foo_1860.ex compiled in 1908ms
[profile] lib/foo_2800.ex compiled in 3495ms
[profile] lib/foo_3480.ex compiled in 4439ms
[profile] lib/foo_2250.ex compiled in 3000ms
[profile] lib/foo_3060.ex compiled in 4108ms
[profile] lib/foo_3380.ex compiled in 5251ms
[profile] lib/foo_4530.ex compiled in 8471ms
[profile] lib/foo_3390.ex compiled in 5183ms
[profile] lib/foo_3150.ex compiled in 4610ms
[profile] lib/foo_3500.ex compiled in 5392ms
[profile] lib/foo_3920.ex compiled in 6500ms
[profile] lib/foo_4860.ex compiled in 7322ms
[profile] lib/foo_4320.ex compiled in 6193ms
[profile] lib/foo_1280.ex compiled in 1525ms
[profile] lib/foo_3240.ex compiled in 4154ms
[profile] lib/foo_2820.ex compiled in 3181ms
[profile] lib/foo_1880.ex compiled in 1587ms
[profile] lib/foo_4940.ex compiled in 6716ms
[profile] lib/foo_3650.ex compiled in 4586ms
[profile] lib/foo_2730.ex compiled in 3762ms
[profile] lib/foo_4630.ex compiled in 6905ms
[profile] lib/foo_2020.ex compiled in 2441ms
[profile] lib/foo_300.ex compiled in 336ms
[profile] lib/foo_1740.ex compiled in 1533ms
[profile] lib/foo_4590.ex compiled in 6263ms
[profile] lib/foo_990.ex compiled in 782ms
[profile] lib/foo_3190.ex compiled in 4070ms
[profile] lib/foo_4750.ex compiled in 6283ms
[profile] lib/foo_4240.ex compiled in 6472ms
[profile] lib/foo_3950.ex compiled in 6444ms
[profile] lib/foo_3720.ex compiled in 4839ms
[profile] lib/foo_4430.ex compiled in 7938ms
[profile] lib/foo_110.ex compiled in 108ms
[profile] lib/foo_2260.ex compiled in 2334ms
[profile] lib/foo_4000.ex compiled in 4739ms
[profile] lib/foo_4800.ex compiled in 6057ms
[profile] lib/foo_4260.ex compiled in 5061ms
[profile] lib/foo_4160.ex compiled in 4521ms
[profile] lib/foo_3700.ex compiled in 6523ms
[profile] lib/foo_250.ex compiled in 507ms
[profile] lib/foo_4250.ex compiled in 7300ms
[profile] lib/foo_2920.ex compiled in 6945ms
[profile] lib/foo_40.ex compiled in 131ms
[profile] lib/foo_1970.ex compiled in 2796ms
[profile] lib/foo_1200.ex compiled in 1385ms
Compiling lib/foo_4830.ex (it's taking more than 10s)
[profile] lib/foo_4830.ex compiled in 10597ms
[profile] lib/foo_4720.ex compiled in 9864ms
[profile] lib/foo_3450.ex compiled in 5775ms
[profile] lib/foo_620.ex compiled in 657ms
Compiling lib/foo_4810.ex (it's taking more than 10s)
[profile] lib/foo_4810.ex compiled in 12444ms
Compiling lib/foo_4930.ex (it's taking more than 10s)
[profile] lib/foo_4930.ex compiled in 12648ms
[profile] lib/foo_2130.ex compiled in 4034ms
[profile] lib/foo_1620.ex compiled in 2639ms
[profile] lib/foo_290.ex compiled in 282ms
[profile] lib/foo_130.ex compiled in 689ms
Compiling lib/foo_4500.ex (it's taking more than 10s)
[profile] lib/foo_4500.ex compiled in 13311ms
[profile] lib/foo_2320.ex compiled in 5048ms
[profile] lib/foo_2750.ex compiled in 5948ms
[profile] lib/foo_490.ex compiled in 654ms
[profile] lib/foo_4880.ex compiled in 9959ms
[profile] lib/foo_260.ex compiled in 257ms
[profile] lib/foo_90.ex compiled in 608ms
[profile] lib/foo_460.ex compiled in 511ms
[profile] lib/foo_2740.ex compiled in 6260ms
[profile] lib/foo_1230.ex compiled in 1436ms
[profile] lib/foo_4110.ex compiled in 9057ms
[profile] lib/foo_150.ex compiled in 148ms
[profile] lib/foo_3440.ex compiled in 8224ms
[profile] lib/foo_1820.ex compiled in 1513ms
[profile] lib/foo_4020.ex compiled in 8019ms
[profile] lib/foo_4490.ex compiled in 7144ms
[profile] lib/foo_4660.ex compiled in 8940ms
[profile] lib/foo_1150.ex compiled in 875ms
[profile] lib/foo_210.ex compiled in 174ms
[profile] lib/foo_4760.ex compiled in 7455ms
[profile] lib/foo_2630.ex compiled in 2371ms
[profile] lib/foo_1570.ex compiled in 1312ms
[profile] lib/foo_4190.ex compiled in 4976ms
[profile] lib/foo_860.ex compiled in 597ms
[profile] lib/foo_2540.ex compiled in 2513ms
[profile] lib/foo_1690.ex compiled in 1598ms
[profile] lib/foo_1710.ex compiled in 1696ms
[profile] lib/foo_950.ex compiled in 619ms
[profile] lib/foo_2780.ex compiled in 3055ms
[profile] lib/foo_4560.ex compiled in 5355ms
[profile] lib/foo_2470.ex compiled in 2557ms
[profile] lib/foo_1050.ex compiled in 835ms
[profile] lib/foo_3270.ex compiled in 4329ms
[profile] lib/foo_840.ex compiled in 622ms
[profile] lib/foo_170.ex compiled in 148ms
[profile] lib/foo_470.ex compiled in 318ms
[profile] lib/foo_1780.ex compiled in 1662ms
[profile] lib/foo_380.ex compiled in 397ms
[profile] lib/foo_2290.ex compiled in 2643ms
[profile] lib/foo_450.ex compiled in 789ms
[profile] lib/foo_2690.ex compiled in 2668ms
[profile] lib/foo_4180.ex compiled in 4280ms
[profile] lib/foo_1790.ex compiled in 1656ms
[profile] lib/foo_640.ex compiled in 492ms
[profile] lib/foo_1980.ex compiled in 2056ms
[profile] lib/foo_3680.ex compiled in 4299ms
[profile] lib/foo_4850.ex compiled in 7032ms
[profile] lib/foo_530.ex compiled in 410ms
[profile] lib/foo_3200.ex compiled in 3736ms
[profile] lib/foo_200.ex compiled in 151ms
[profile] lib/foo_3460.ex compiled in 4550ms
[profile] lib/foo_3970.ex compiled in 5456ms
[profile] lib/foo_4360.ex compiled in 6504ms
[profile] lib/foo_3210.ex compiled in 4921ms
[profile] lib/foo_4580.ex compiled in 5827ms
[profile] lib/foo_2480.ex compiled in 2501ms
[profile] lib/foo_4420.ex compiled in 5223ms
[profile] lib/foo_1910.ex compiled in 2148ms
[profile] lib/foo_350.ex compiled in 533ms
[profile] lib/foo_3010.ex compiled in 4033ms
[profile] lib/foo_4480.ex compiled in 7042ms
[profile] lib/foo_3910.ex compiled in 6557ms
[profile] lib/foo_2350.ex compiled in 4329ms
[profile] lib/foo_850.ex compiled in 1487ms
[profile] lib/foo_3860.ex compiled in 7889ms
[profile] lib/foo_2450.ex compiled in 5527ms
[profile] lib/foo_3180.ex compiled in 6971ms
[profile] lib/foo_390.ex compiled in 204ms
[profile] lib/foo_940.ex compiled in 600ms
[profile] lib/foo_4010.ex compiled in 6657ms
[profile] lib/foo_2700.ex compiled in 3268ms
[profile] lib/foo_1550.ex compiled in 1156ms
[profile] lib/foo_4040.ex compiled in 7479ms
[profile] lib/foo_4960.ex compiled in 9091ms
[profile] lib/foo_2240.ex compiled in 1964ms
[profile] lib/foo_4600.ex compiled in 6698ms
[profile] lib/foo_3070.ex compiled in 2797ms
[profile] lib/foo_2200.ex compiled in 2220ms
[profile] lib/foo_800.ex compiled in 714ms
[profile] lib/foo_1090.ex compiled in 618ms
[profile] lib/foo_1890.ex compiled in 1190ms
[profile] lib/foo_3850.ex compiled in 4176ms
[profile] lib/foo_20.ex compiled in 536ms
[profile] lib/foo_3370.ex compiled in 3050ms
[profile] lib/foo_1310.ex compiled in 917ms
[profile] lib/foo_240.ex compiled in 279ms
[profile] lib/foo_2600.ex compiled in 1812ms
[profile] lib/foo_1170.ex compiled in 794ms
[profile] lib/foo_1160.ex compiled in 776ms
[profile] lib/foo_550.ex compiled in 681ms
[profile] lib/foo_610.ex compiled in 609ms
[profile] lib/foo_1990.ex compiled in 1525ms
[profile] lib/foo_100.ex compiled in 248ms
[profile] lib/foo_1730.ex compiled in 1631ms
[profile] lib/foo_2970.ex compiled in 2806ms
[profile] lib/foo_3510.ex compiled in 3341ms
[profile] lib/foo_50.ex compiled in 286ms
[profile] lib/foo_660.ex compiled in 318ms
[profile] lib/foo_1360.ex compiled in 1024ms
[profile] lib/foo_410.ex compiled in 172ms
[profile] lib/foo_4140.ex compiled in 4548ms
[profile] lib/foo_2650.ex compiled in 2264ms
[profile] lib/foo_2510.ex compiled in 2586ms
[profile] lib/foo_910.ex compiled in 417ms
[profile] lib/foo_2070.ex compiled in 1595ms
[profile] lib/foo_2170.ex compiled in 1680ms
[profile] lib/foo_4650.ex compiled in 6543ms
[profile] lib/foo_3840.ex compiled in 3410ms
[profile] lib/foo_4520.ex compiled in 4873ms
[profile] lib/foo_2140.ex compiled in 1481ms
[profile] lib/foo_4290.ex compiled in 4938ms
[profile] lib/foo_1470.ex compiled in 1036ms
[profile] lib/foo_2270.ex compiled in 1916ms
[profile] lib/foo_4370.ex compiled in 4693ms
[profile] lib/foo_630.ex compiled in 462ms
[profile] lib/foo_1950.ex compiled in 1439ms
[profile] lib/foo_340.ex compiled in 162ms
[profile] lib/foo_1140.ex compiled in 708ms
[profile] lib/foo_2900.ex compiled in 3014ms
[profile] lib/foo_70.ex compiled in 369ms
[profile] lib/foo_2410.ex compiled in 2021ms
[profile] lib/foo_2040.ex compiled in 1495ms
[profile] lib/foo_1660.ex compiled in 906ms
[profile] lib/foo_900.ex compiled in 598ms
[profile] lib/foo_3670.ex compiled in 4052ms
[profile] lib/foo_1480.ex compiled in 1256ms
[profile] lib/foo_4390.ex compiled in 4523ms
[profile] lib/foo_3030.ex compiled in 2785ms
[profile] lib/foo_3130.ex compiled in 3196ms
[profile] lib/foo_2880.ex compiled in 2610ms
[profile] lib/foo_330.ex compiled in 157ms
[profile] lib/foo_3630.ex compiled in 4026ms
[profile] lib/foo_2120.ex compiled in 1685ms
[profile] lib/foo_440.ex compiled in 286ms
[profile] lib/foo_3420.ex compiled in 3901ms
[profile] lib/foo_3050.ex compiled in 2565ms
[profile] lib/foo_2090.ex compiled in 1378ms
[profile] lib/foo_3660.ex compiled in 3452ms
[profile] lib/foo_1350.ex compiled in 996ms
[profile] lib/foo_1450.ex compiled in 1689ms
[profile] lib/foo_2110.ex compiled in 2120ms
[profile] lib/foo_2440.ex compiled in 2543ms
[profile] lib/foo_2620.ex compiled in 2564ms
[profile] lib/foo_3620.ex compiled in 3193ms
[profile] lib/foo_4470.ex compiled in 5102ms
[profile] lib/foo_3350.ex compiled in 3528ms
[profile] lib/foo_1590.ex compiled in 1125ms
[profile] lib/foo_980.ex compiled in 792ms
[profile] lib/foo_280.ex compiled in 324ms
[profile] lib/foo_0.ex compiled in 188ms
[profile] lib/foo_4670.ex compiled in 6159ms
[profile] lib/foo_3490.ex compiled in 3426ms
[profile] lib/foo_4170.ex compiled in 3879ms
[profile] lib/foo_2580.ex compiled in 2418ms
[profile] lib/foo_5000.ex compiled in 5961ms
[profile] lib/foo_650.ex compiled in 512ms
[profile] lib/foo_4100.ex compiled in 5202ms
[profile] lib/foo_1540.ex compiled in 2148ms
[profile] lib/foo_3430.ex compiled in 5457ms
[profile] lib/foo_4340.ex compiled in 6992ms
[profile] lib/foo_3610.ex compiled in 6449ms
[profile] lib/foo_1290.ex compiled in 1768ms
[profile] lib/foo_80.ex compiled in 337ms
[profile] lib/foo_3960.ex compiled in 7549ms
[profile] lib/foo_760.ex compiled in 1105ms
[profile] lib/foo_4680.ex compiled in 7794ms
[profile] lib/foo_1400.ex compiled in 1567ms
[profile] lib/foo_190.ex compiled in 216ms
[profile] lib/foo_2830.ex compiled in 3105ms
[profile] lib/foo_1130.ex compiled in 773ms
[profile] lib/foo_2400.ex compiled in 2259ms
[profile] lib/foo_4790.ex compiled in 8287ms
[profile] lib/foo_930.ex compiled in 582ms
[profile] lib/foo_1500.ex compiled in 1150ms
[profile] lib/foo_4620.ex compiled in 6391ms
[profile] lib/foo_3790.ex compiled in 4139ms
[profile] lib/foo_2590.ex compiled in 2398ms
[profile] lib/foo_540.ex compiled in 245ms
[profile] lib/foo_3090.ex compiled in 2888ms
[profile] lib/foo_2060.ex compiled in 1947ms
[profile] lib/foo_2230.ex compiled in 2095ms
[profile] lib/foo_780.ex compiled in 401ms
[profile] lib/foo_3040.ex compiled in 3695ms
[profile] lib/foo_160.ex compiled in 233ms
[profile] lib/foo_1720.ex compiled in 1636ms
[profile] lib/foo_1250.ex compiled in 922ms
[profile] lib/foo_4980.ex compiled in 6006ms
[profile] lib/foo_1920.ex compiled in 1767ms
[profile] lib/foo_1830.ex compiled in 1690ms
[profile] lib/foo_1770.ex compiled in 1273ms
[profile] lib/foo_4640.ex compiled in 5052ms
[profile] lib/foo_2950.ex compiled in 2763ms
[profile] lib/foo_1030.ex compiled in 650ms
[profile] lib/foo_4440.ex compiled in 7001ms
[profile] lib/foo_1000.ex compiled in 524ms
[profile] lib/foo_4400.ex compiled in 6355ms
[profile] lib/foo_4780.ex compiled in 5743ms
[profile] lib/foo_3580.ex compiled in 3557ms
[profile] lib/foo_1800.ex compiled in 1333ms
[profile] lib/foo_1870.ex compiled in 1868ms
[profile] lib/foo_1390.ex compiled in 1740ms
[profile] lib/foo_4450.ex compiled in 5554ms
[profile] lib/foo_2520.ex compiled in 3008ms
[profile] lib/foo_2080.ex compiled in 2854ms
[profile] lib/foo_3740.ex compiled in 3992ms
[profile] lib/foo_2460.ex compiled in 2268ms
[profile] lib/foo_4740.ex compiled in 4907ms
[profile] lib/foo_1240.ex compiled in 1042ms
[profile] lib/foo_2850.ex compiled in 2751ms
[profile] lib/foo_4970.ex compiled in 6877ms
[profile] lib/foo_3550.ex compiled in 4883ms
[profile] lib/foo_4120.ex compiled in 4883ms
[profile] lib/foo_2300.ex compiled in 2731ms
[profile] lib/foo_1700.ex compiled in 2128ms
[profile] lib/foo_720.ex compiled in 493ms
[profile] lib/foo_4030.ex compiled in 4859ms
[profile] lib/foo_580.ex compiled in 628ms
[profile] lib/foo_4700.ex compiled in 5518ms
[profile] lib/foo_420.ex compiled in 591ms
[profile] lib/foo_670.ex compiled in 601ms
[profile] lib/foo_3120.ex compiled in 2226ms
[profile] lib/foo_4210.ex compiled in 4500ms
[profile] lib/foo_10.ex compiled in 362ms
[profile] lib/foo_2490.ex compiled in 2525ms
[profile] lib/foo_1900.ex compiled in 2071ms
[profile] lib/foo_3100.ex compiled in 3327ms
[profile] lib/foo_1010.ex compiled in 684ms
[profile] lib/foo_2860.ex compiled in 3599ms
[profile] lib/foo_2340.ex compiled in 2196ms
[profile] lib/foo_1340.ex compiled in 833ms
[profile] lib/foo_2910.ex compiled in 3298ms
[profile] lib/foo_4060.ex compiled in 5081ms
[profile] lib/foo_4890.ex compiled in 6225ms
[profile] lib/foo_4220.ex compiled in 5395ms
[profile] lib/foo_2160.ex compiled in 1419ms
[profile] lib/foo_870.ex compiled in 721ms
[profile] lib/foo_3810.ex compiled in 4627ms
[profile] lib/foo_4820.ex compiled in 6891ms
[profile] lib/foo_3250.ex compiled in 3111ms
[profile] lib/foo_1190.ex compiled in 796ms
[profile] lib/foo_2870.ex compiled in 2661ms
[profile] lib/foo_2000.ex compiled in 1757ms
[profile] lib/foo_590.ex compiled in 345ms
[profile] lib/foo_3900.ex compiled in 3663ms
[profile] lib/foo_3220.ex compiled in 2850ms
[profile] lib/foo_2370.ex compiled in 2100ms
[profile] lib/foo_3110.ex compiled in 3064ms
[profile] lib/foo_1670.ex compiled in 1148ms
[profile] lib/foo_1510.ex compiled in 1568ms
[profile] lib/foo_2330.ex compiled in 2701ms
[profile] lib/foo_3260.ex compiled in 3225ms
[profile] lib/foo_3400.ex compiled in 3546ms
[profile] lib/foo_3530.ex compiled in 3953ms
[profile] lib/foo_890.ex compiled in 733ms
[profile] lib/foo_2310.ex compiled in 2623ms
[profile] lib/foo_4350.ex compiled in 5789ms
[profile] lib/foo_1120.ex compiled in 1135ms
[profile] lib/foo_4870.ex compiled in 8022ms
[profile] lib/foo_4840.ex compiled in 7103ms
[profile] lib/foo_4070.ex compiled in 5386ms
[profile] lib/foo_2670.ex compiled in 3169ms
[profile] lib/foo_180.ex compiled in 379ms
[profile] lib/foo_1070.ex compiled in 1087ms
[profile] lib/foo_4150.ex compiled in 6142ms
[profile] lib/foo_2050.ex compiled in 2454ms
[profile] lib/foo_560.ex compiled in 649ms
[profile] lib/foo_4310.ex compiled in 6840ms
[profile] lib/foo_3410.ex compiled in 4557ms
[profile] lib/foo_1380.ex compiled in 2039ms
[profile] lib/foo_510.ex compiled in 1876ms
[profile] lib/foo_1610.ex compiled in 2814ms
[profile] lib/foo_3330.ex compiled in 5106ms
[profile] lib/foo_1490.ex compiled in 2052ms
[profile] lib/foo_830.ex compiled in 1776ms
[profile] lib/foo_3080.ex compiled in 4570ms
[profile] lib/foo_3170.ex compiled in 3962ms
[profile] lib/foo_2100.ex compiled in 1683ms
[profile] lib/foo_4990.ex compiled in 6651ms
[profile] lib/foo_3520.ex compiled in 3561ms
[profile] lib/foo_2030.ex compiled in 1730ms
[profile] lib/foo_2980.ex compiled in 2658ms
[profile] lib/foo_3360.ex compiled in 3683ms
[profile] lib/foo_3310.ex compiled in 3410ms
[profile] lib/foo_2280.ex compiled in 1943ms
[profile] lib/foo_4050.ex compiled in 5352ms
[profile] lib/foo_2190.ex compiled in 1705ms
[profile] lib/foo_4730.ex compiled in 5367ms
[profile] lib/foo_2530.ex compiled in 2075ms
[profile] lib/foo_1810.ex compiled in 1315ms
[profile] lib/foo_710.ex compiled in 512ms
[profile] lib/foo_770.ex compiled in 664ms
[profile] lib/foo_4690.ex compiled in 4505ms
[profile] lib/foo_1760.ex compiled in 1690ms
[profile] lib/foo_1100.ex compiled in 924ms
[profile] lib/foo_4550.ex compiled in 4702ms
[profile] lib/foo_2810.ex compiled in 3791ms
[profile] lib/foo_3300.ex compiled in 3963ms
[profile] lib/foo_1680.ex compiled in 1659ms
[profile] lib/foo_3940.ex compiled in 4925ms
[profile] lib/foo_1260.ex compiled in 816ms
[profile] lib/foo_2990.ex compiled in 2933ms
[profile] lib/foo_4510.ex compiled in 5817ms
[profile] lib/foo_3870.ex compiled in 5982ms
[profile] lib/foo_2180.ex compiled in 1611ms
[profile] lib/foo_270.ex compiled in 451ms
[profile] lib/foo_4920.ex compiled in 6322ms
[profile] lib/foo_2210.ex compiled in 2316ms
[profile] lib/foo_1270.ex compiled in 950ms
[profile] lib/foo_2930.ex compiled in 2682ms
[profile] lib/foo_1080.ex compiled in 687ms
[profile] lib/foo_3880.ex compiled in 3055ms
[profile] lib/foo_140.ex compiled in 420ms
[profile] lib/foo_970.ex compiled in 626ms
[profile] lib/foo_1040.ex compiled in 1178ms
[profile] lib/foo_3570.ex compiled in 2689ms
[profile] lib/foo_3800.ex compiled in 3347ms
[profile] lib/foo_1430.ex compiled in 977ms
[profile] lib/foo_3280.ex compiled in 3247ms
[profile] lib/foo_3470.ex compiled in 2837ms
[profile] lib/foo_3890.ex compiled in 3237ms
[profile] lib/foo_4710.ex compiled in 3366ms
[profile] lib/foo_4570.ex compiled in 3732ms
[profile] Finished compilation cycle of 501 modules in 190378ms
[profile] Finished group pass check of 501 modules in 3225ms
Generated foo app
